
 ⛅️ wrangler 4.67.0 (update available 4.77.0)
─────────────────────────────────────────────
Your Worker has access to the following bindings:
Binding                                                Resource                  Mode
env.DB (telier-db)                                     D1 Database               local
env.ALLOWED_ORIGIN ("https://telier.pages.dev")        Environment Variable      local
env.AUTO_SCHEMA_SYNC ("0")                             Environment Variable      local

⎔ Starting local server...
[wrangler:info] Ready on http://127.0.0.1:8787
[wrangler:info] GET /auth/needs-setup 200 OK (121ms)
[wrangler:info] OPTIONS /auth/needs-setup 200 OK (4ms)
[wrangler:info] GET /auth/needs-setup 200 OK (8ms)
[wrangler:info] OPTIONS /auth/login 200 OK (4ms)
[wrangler:info] POST /auth/login 401 Unauthorized (8ms)
[wrangler:info] GET /auth/needs-setup 200 OK (9ms)
[wrangler:info] OPTIONS /auth/needs-setup 200 OK (4ms)
[wrangler:info] GET /auth/needs-setup 200 OK (8ms)
[wrangler:info] OPTIONS /auth/needs-setup 200 OK (4ms)
[wrangler:info] GET /auth/needs-setup 200 OK (10ms)
[wrangler:info] OPTIONS /auth/setup 200 OK (3ms)
[wrangler:info] POST /auth/setup 200 OK (11ms)
[wrangler:info] OPTIONS /auth/login 200 OK (2ms)
[wrangler:info] POST /auth/login 200 OK (10ms)
[wrangler:info] OPTIONS /status 200 OK (5ms)
[wrangler:info] OPTIONS /projetos 200 OK (8ms)
[wrangler:info] OPTIONS /tempo/ultima-sessao 200 OK (9ms)
[wrangler:info] OPTIONS /grupos 200 OK (9ms)
[wrangler:info] OPTIONS /tempo/ativas 200 OK (10ms)
[wrangler:info] OPTIONS /tempo/resumo-hoje 200 OK (9ms)
[wrangler:info] OPTIONS /auth/foco-global 200 OK (4ms)
[wrangler:info] OPTIONS /status 200 OK (5ms)
[wrangler:info] OPTIONS /tempo/ativas 200 OK (7ms)
[wrangler:info] GET /status 200 OK (13ms)
[31mX [41;31m[[41;97mERROR[41;31m][0m [1m[Worker Error] {[0m

    reqId: 'req_eb1eb01066e9',
    method: 'GET',
    path: '/projetos',
    duration_ms: 7,
    message: 'D1_ERROR: no such table: grupos_projetos: SQLITE_ERROR',
    stack: 'Error: D1_ERROR: no such table: grupos_projetos: SQLITE_ERROR\n' +
      '    at D1DatabaseSessionAlwaysPrimary._sendOrThrow (cloudflare-internal:d1-api:139:19)\n' +
      '    at null.<anonymous> (async cloudflare-internal:d1-api:361:41)\n' +
      '    at async Object.fetch (file:///C:/Users/pedro/OneDrive/%C3%81rea%20de%20Trabalho/SaaS/telier/src/worker.js:1225:24)\n' +
      '    at async jsonError (file:///C:/Users/pedro/AppData/Roaming/npm/node_modules/wrangler/templates/middleware/middleware-miniflare3-json-error.ts:22:10)\n' +
      '    at async drainBody (file:///C:/Users/pedro/AppData/Roaming/npm/node_modules/wrangler/templates/middleware/middleware-ensure-req-body-drained.ts:5:10)'
  }


[wrangler:info] GET /projetos 500 Internal Server Error (30ms)
[31mX [41;31m[[41;97mERROR[41;31m][0m [1m[Worker Error] {[0m

    reqId: 'req_7433b9287942',
    method: 'GET',
    path: '/grupos',
    duration_ms: 5,
    message: 'D1_ERROR: no such table: grupos_projetos: SQLITE_ERROR',
    stack: 'Error: D1_ERROR: no such table: grupos_projetos: SQLITE_ERROR\n' +
      '    at D1DatabaseSessionAlwaysPrimary._sendOrThrow (cloudflare-internal:d1-api:139:19)\n' +
      '    at null.<anonymous> (async cloudflare-internal:d1-api:361:41)\n' +
      '    at async Object.fetch (file:///C:/Users/pedro/OneDrive/%C3%81rea%20de%20Trabalho/SaaS/telier/src/worker.js:1350:18)\n' +
      '    at async jsonError (file:///C:/Users/pedro/AppData/Roaming/npm/node_modules/wrangler/templates/middleware/middleware-miniflare3-json-error.ts:22:10)\n' +
      '    at async drainBody (file:///C:/Users/pedro/AppData/Roaming/npm/node_modules/wrangler/templates/middleware/middleware-ensure-req-body-drained.ts:5:10)'
  }


[wrangler:info] GET /tempo/ultima-sessao 200 OK (35ms)
[wrangler:info] GET /grupos 500 Internal Server Error (30ms)
[wrangler:info] GET /tempo/ativas 200 OK (49ms)
[wrangler:info] GET /auth/foco-global 404 Not Found (8ms)
[wrangler:info] GET /tempo/resumo-hoje 200 OK (11ms)
[wrangler:info] GET /tempo/ativas 200 OK (14ms)
[wrangler:info] OPTIONS /auth/needs-setup 200 OK (4ms)
[wrangler:info] GET /auth/needs-setup 200 OK (8ms)
[wrangler:info] OPTIONS /auth/login 200 OK (3ms)
[wrangler:info] POST /auth/login 200 OK (10ms)
[wrangler:info] OPTIONS /status 200 OK (3ms)
[wrangler:info] OPTIONS /projetos 200 OK (8ms)
[wrangler:info] OPTIONS /grupos 200 OK (7ms)
[wrangler:info] OPTIONS /tempo/ultima-sessao 200 OK (10ms)
[wrangler:info] OPTIONS /tempo/ativas 200 OK (12ms)
[wrangler:info] OPTIONS /tempo/resumo-hoje 200 OK (10ms)
[wrangler:info] OPTIONS /auth/foco-global 200 OK (9ms)
[wrangler:info] OPTIONS /tempo/ativas 200 OK (9ms)
[wrangler:info] OPTIONS /status 200 OK (6ms)
[31mX [41;31m[[41;97mERROR[41;31m][0m [1m[Worker Error] {[0m

    reqId: 'req_7f714aa575bf',
    method: 'GET',
    path: '/projetos',
    duration_ms: 7,
    message: 'D1_ERROR: no such column: p.grupo_id at offset 63: SQLITE_ERROR',
    stack: 'Error: D1_ERROR: no such column: p.grupo_id at offset 63: SQLITE_ERROR\n' +
      '    at D1DatabaseSessionAlwaysPrimary._sendOrThrow (cloudflare-internal:d1-api:139:19)\n' +
      '    at null.<anonymous> (async cloudflare-internal:d1-api:361:41)\n' +
      '    at async Object.fetch (file:///C:/Users/pedro/OneDrive/%C3%81rea%20de%20Trabalho/SaaS/telier/src/worker.js:1225:24)\n' +
      '    at async jsonError (file:///C:/Users/pedro/AppData/Roaming/npm/node_modules/wrangler/templates/middleware/middleware-miniflare3-json-error.ts:22:10)\n' +
      '    at async drainBody (file:///C:/Users/pedro/AppData/Roaming/npm/node_modules/wrangler/templates/middleware/middleware-ensure-req-body-drained.ts:5:10)'
  }


[wrangler:info] GET /status 200 OK (17ms)
[31mX [41;31m[[41;97mERROR[41;31m][0m [1m[Worker Error] {[0m

    reqId: 'req_e37e97bb929c',
    method: 'GET',
    path: '/grupos',
    duration_ms: 6,
    message: 'D1_ERROR: no such column: p.grupo_id at offset 35: SQLITE_ERROR',
    stack: 'Error: D1_ERROR: no such column: p.grupo_id at offset 35: SQLITE_ERROR\n' +
      '    at D1DatabaseSessionAlwaysPrimary._sendOrThrow (cloudflare-internal:d1-api:139:19)\n' +
      '    at null.<anonymous> (async cloudflare-internal:d1-api:361:41)\n' +
      '    at async Object.fetch (file:///C:/Users/pedro/OneDrive/%C3%81rea%20de%20Trabalho/SaaS/telier/src/worker.js:1350:18)\n' +
      '    at async jsonError (file:///C:/Users/pedro/AppData/Roaming/npm/node_modules/wrangler/templates/middleware/middleware-miniflare3-json-error.ts:22:10)\n' +
      '    at async drainBody (file:///C:/Users/pedro/AppData/Roaming/npm/node_modules/wrangler/templates/middleware/middleware-ensure-req-body-drained.ts:5:10)'
  }


[wrangler:info] GET /projetos 500 Internal Server Error (30ms)
[wrangler:info] GET /grupos 500 Internal Server Error (31ms)
[wrangler:info] GET /tempo/ultima-sessao 200 OK (27ms)
[wrangler:info] GET /tempo/resumo-hoje 200 OK (19ms)
[wrangler:info] GET /tempo/ativas 200 OK (30ms)
[wrangler:info] GET /auth/foco-global 404 Not Found (12ms)
[wrangler:info] GET /tempo/ativas 200 OK (12ms)
⎔ Reloading local server...
⎔ Local server updated and ready
[wrangler:info] GET /auth/needs-setup 200 OK (121ms)
[wrangler:info] OPTIONS /auth/needs-setup 200 OK (4ms)
[wrangler:info] GET /auth/needs-setup 200 OK (10ms)
[wrangler:info] OPTIONS /auth/login 200 OK (4ms)
[wrangler:info] POST /auth/login 200 OK (16ms)
[wrangler:info] OPTIONS /status 200 OK (3ms)
[wrangler:info] OPTIONS /projetos 200 OK (9ms)
[wrangler:info] OPTIONS /tempo/ultima-sessao 200 OK (6ms)
[wrangler:info] OPTIONS /tempo/ativas 200 OK (11ms)
[wrangler:info] OPTIONS /grupos 200 OK (11ms)
[wrangler:info] OPTIONS /tempo/resumo-hoje 200 OK (11ms)
[wrangler:info] OPTIONS /auth/foco-global 200 OK (10ms)
[wrangler:info] OPTIONS /tempo/ativas 200 OK (5ms)
[wrangler:info] OPTIONS /status 200 OK (5ms)
[wrangler:info] GET /status 200 OK (14ms)
[wrangler:info] GET /projetos 200 OK (18ms)
[wrangler:info] GET /tempo/ativas 200 OK (24ms)
[wrangler:info] GET /tempo/ultima-sessao 200 OK (34ms)
[wrangler:info] GET /grupos 200 OK (38ms)
[wrangler:info] GET /auth/foco-global 404 Not Found (37ms)
[wrangler:info] GET /tempo/ativas 200 OK (10ms)
[wrangler:info] GET /tempo/resumo-hoje 200 OK (16ms)
[wrangler:info] OPTIONS /auth/needs-setup 200 OK (4ms)
[wrangler:info] GET /auth/needs-setup 200 OK (13ms)
[wrangler:info] OPTIONS /auth/needs-setup 200 OK (4ms)
[wrangler:info] GET /auth/needs-setup 200 OK (11ms)
[wrangler:info] OPTIONS /auth/login 200 OK (4ms)
[wrangler:info] POST /auth/login 200 OK (14ms)
[wrangler:info] OPTIONS /status 200 OK (4ms)
[wrangler:info] OPTIONS /projetos 200 OK (8ms)
[wrangler:info] OPTIONS /tempo/ultima-sessao 200 OK (8ms)
[wrangler:info] OPTIONS /tempo/ativas 200 OK (12ms)
[wrangler:info] OPTIONS /grupos 200 OK (15ms)
[wrangler:info] OPTIONS /tempo/resumo-hoje 200 OK (13ms)
[wrangler:info] OPTIONS /auth/foco-global 200 OK (12ms)
[wrangler:info] OPTIONS /tempo/ativas 200 OK (5ms)
[wrangler:info] OPTIONS /status 200 OK (6ms)
[wrangler:info] GET /projetos 200 OK (13ms)
[wrangler:info] GET /tempo/ultima-sessao 200 OK (28ms)
[wrangler:info] GET /tempo/ativas 200 OK (37ms)
[wrangler:info] GET /status 200 OK (42ms)
[wrangler:info] GET /tempo/resumo-hoje 200 OK (49ms)
[wrangler:info] GET /grupos 200 OK (48ms)
[wrangler:info] GET /auth/foco-global 404 Not Found (9ms)
[wrangler:info] GET /tempo/ativas 200 OK (13ms)
[wrangler:info] GET /auth/needs-setup 200 OK (8ms)
[wrangler:info] OPTIONS /auth/needs-setup 200 OK (4ms)
[wrangler:info] GET /auth/needs-setup 200 OK (6ms)
[wrangler:info] OPTIONS /auth/login 200 OK (6ms)
[wrangler:info] POST /auth/login 200 OK (13ms)
[wrangler:info] OPTIONS /status 200 OK (3ms)
[wrangler:info] OPTIONS /projetos 200 OK (10ms)
[wrangler:info] OPTIONS /grupos 200 OK (14ms)
[wrangler:info] OPTIONS /tempo/ultima-sessao 200 OK (10ms)
[wrangler:info] OPTIONS /tempo/ativas 200 OK (12ms)
[wrangler:info] OPTIONS /tempo/resumo-hoje 200 OK (8ms)
[wrangler:info] OPTIONS /auth/foco-global 200 OK (4ms)
[wrangler:info] OPTIONS /tempo/ativas 200 OK (5ms)
[wrangler:info] OPTIONS /status 200 OK (6ms)
[wrangler:info] GET /status 200 OK (15ms)
[wrangler:info] GET /tempo/ultima-sessao 200 OK (30ms)
[wrangler:info] GET /grupos 200 OK (37ms)
[wrangler:info] GET /projetos 200 OK (44ms)
[wrangler:info] GET /tempo/ativas 200 OK (35ms)
[wrangler:info] GET /tempo/resumo-hoje 200 OK (38ms)
[wrangler:info] GET /auth/foco-global 404 Not Found (20ms)
[wrangler:info] GET /tempo/ativas 200 OK (27ms)
[wrangler:info] OPTIONS /auth/needs-setup 200 OK (3ms)
[wrangler:info] GET /auth/needs-setup 200 OK (8ms)
[wrangler:info] OPTIONS /auth/me 200 OK (2ms)
[wrangler:info] GET /auth/me 401 Unauthorized (5ms)
[wrangler:info] OPTIONS /auth/login 200 OK (3ms)
[wrangler:info] POST /auth/login 401 Unauthorized (9ms)
[wrangler:info] OPTIONS /auth/login 200 OK (3ms)
[wrangler:info] POST /auth/login 200 OK (13ms)
[wrangler:info] OPTIONS /status 200 OK (2ms)
[wrangler:info] OPTIONS /projetos 200 OK (4ms)
[wrangler:info] OPTIONS /grupos 200 OK (4ms)
[wrangler:info] OPTIONS /tempo/ativas 200 OK (4ms)
[wrangler:info] OPTIONS /tempo/ultima-sessao 200 OK (6ms)
[wrangler:info] OPTIONS /tempo/resumo-hoje 200 OK (6ms)
[wrangler:info] OPTIONS /auth/foco-global 200 OK (6ms)
[wrangler:info] OPTIONS /tempo/ativas 200 OK (5ms)
[wrangler:info] OPTIONS /status 200 OK (6ms)
[wrangler:info] GET /status 200 OK (12ms)
[wrangler:info] GET /projetos 200 OK (13ms)
[wrangler:info] GET /grupos 200 OK (14ms)
[wrangler:info] GET /tempo/ativas 200 OK (20ms)
[wrangler:info] GET /tempo/ultima-sessao 200 OK (20ms)
[wrangler:info] GET /tempo/resumo-hoje 200 OK (28ms)
[wrangler:info] GET /auth/foco-global 404 Not Found (27ms)
[wrangler:info] GET /tempo/ativas 200 OK (11ms)
[wrangler:info] OPTIONS /projetos 200 OK (7ms)
[wrangler:info] OPTIONS /tempo/ativas 200 OK (6ms)
[wrangler:info] OPTIONS /tempo/resumo-hoje 200 OK (5ms)
[wrangler:info] OPTIONS /grupos 200 OK (6ms)
[wrangler:info] OPTIONS /auth/foco-global 200 OK (7ms)
[wrangler:info] OPTIONS /tempo/ultima-sessao 200 OK (6ms)
[wrangler:info] GET /tempo/ativas 200 OK (11ms)
[wrangler:info] GET /tempo/resumo-hoje 200 OK (10ms)
[wrangler:info] GET /projetos 200 OK (15ms)
[wrangler:info] GET /auth/foco-global 404 Not Found (15ms)
[wrangler:info] GET /tempo/ultima-sessao 200 OK (19ms)
[wrangler:info] OPTIONS /projetos 200 OK (8ms)
[wrangler:info] GET /tempo/ativas 200 OK (11ms)
[wrangler:info] GET /tempo/resumo-hoje 200 OK (14ms)
[wrangler:info] GET /tempo/ultima-sessao 200 OK (18ms)
[wrangler:info] GET /auth/foco-global 404 Not Found (20ms)
[wrangler:info] GET /projetos 200 OK (10ms)
[wrangler:info] GET /tempo/ativas 200 OK (9ms)
[wrangler:info] GET /tempo/ultima-sessao 200 OK (11ms)
[wrangler:info] GET /tempo/resumo-hoje 200 OK (17ms)
[wrangler:info] GET /auth/foco-global 404 Not Found (17ms)
[wrangler:info] GET /projetos 200 OK (7ms)
[wrangler:info] GET /tempo/ultima-sessao 200 OK (10ms)
[wrangler:info] GET /tempo/ativas 200 OK (15ms)
[wrangler:info] GET /tempo/resumo-hoje 200 OK (21ms)
[wrangler:info] GET /auth/foco-global 404 Not Found (20ms)
[wrangler:info] OPTIONS /tempo/ativas 200 OK (7ms)
[wrangler:info] OPTIONS /tempo/ultima-sessao 200 OK (7ms)
[wrangler:info] OPTIONS /grupos 200 OK (7ms)
[wrangler:info] GET /projetos 200 OK (11ms)
[wrangler:info] OPTIONS /tempo/resumo-hoje 200 OK (8ms)
[wrangler:info] OPTIONS /auth/foco-global 200 OK (11ms)
[wrangler:info] GET /tempo/ativas 200 OK (8ms)
[wrangler:info] GET /tempo/ultima-sessao 200 OK (12ms)
[wrangler:info] GET /tempo/resumo-hoje 200 OK (11ms)
[wrangler:info] GET /auth/foco-global 404 Not Found (11ms)
[wrangler:info] OPTIONS /projetos 200 OK (5ms)
[wrangler:info] GET /tempo/ativas 200 OK (10ms)
[wrangler:info] GET /tempo/ultima-sessao 200 OK (16ms)
[wrangler:info] GET /tempo/resumo-hoje 200 OK (21ms)
[wrangler:info] GET /auth/foco-global 404 Not Found (21ms)
[wrangler:info] GET /projetos 200 OK (16ms)
[wrangler:info] OPTIONS /projetos 200 OK (7ms)
[wrangler:info] OPTIONS /tempo/ativas 200 OK (8ms)
[wrangler:info] OPTIONS /grupos 200 OK (9ms)
[wrangler:info] OPTIONS /tempo/resumo-hoje 200 OK (8ms)
[wrangler:info] OPTIONS /auth/foco-global 200 OK (8ms)
[wrangler:info] OPTIONS /tempo/ultima-sessao 200 OK (8ms)
[wrangler:info] GET /projetos 200 OK (10ms)
[wrangler:info] GET /tempo/ativas 200 OK (15ms)
[wrangler:info] GET /tempo/ultima-sessao 200 OK (14ms)
[wrangler:info] GET /auth/foco-global 404 Not Found (20ms)
[wrangler:info] GET /tempo/resumo-hoje 200 OK (20ms)
[wrangler:info] OPTIONS /status 200 OK (2ms)
[wrangler:info] GET /status 200 OK (8ms)
[wrangler:info] OPTIONS /status 200 OK (5ms)
[wrangler:info] OPTIONS /status 200 OK (5ms)
[wrangler:info] GET /status 200 OK (12ms)
[wrangler:info] OPTIONS /projetos 200 OK (11ms)
[wrangler:info] OPTIONS /tempo/ultima-sessao 200 OK (9ms)
[wrangler:info] OPTIONS /tempo/resumo-hoje 200 OK (7ms)
[wrangler:info] OPTIONS /grupos 200 OK (8ms)
[wrangler:info] OPTIONS /tempo/ativas 200 OK (7ms)
[wrangler:info] OPTIONS /auth/foco-global 200 OK (5ms)
[wrangler:info] GET /projetos 200 OK (12ms)
[wrangler:info] GET /grupos 200 OK (14ms)
[wrangler:info] GET /tempo/ultima-sessao 200 OK (16ms)
[wrangler:info] GET /tempo/ativas 200 OK (18ms)
[wrangler:info] GET /tempo/resumo-hoje 200 OK (22ms)
[wrangler:info] GET /auth/foco-global 404 Not Found (25ms)
[wrangler:info] GET /tempo/ativas 200 OK (10ms)
[wrangler:info] GET /projetos 200 OK (15ms)
[wrangler:info] GET /tempo/ultima-sessao 200 OK (19ms)
[wrangler:info] GET /tempo/resumo-hoje 200 OK (23ms)
[wrangler:info] GET /auth/foco-global 404 Not Found (24ms)
[wrangler:info] GET /projetos 200 OK (8ms)
[wrangler:info] GET /tempo/ultima-sessao 200 OK (12ms)
[wrangler:info] GET /tempo/resumo-hoje 200 OK (16ms)
[wrangler:info] GET /tempo/ativas 200 OK (23ms)
[wrangler:info] GET /auth/foco-global 404 Not Found (21ms)
[wrangler:info] OPTIONS /status 200 OK (6ms)
[wrangler:info] OPTIONS /status 200 OK (4ms)
[wrangler:info] GET /status 200 OK (11ms)
[wrangler:info] OPTIONS /status 200 OK (2ms)
[wrangler:info] GET /status 200 OK (18ms)
[wrangler:info] GET /auth/needs-setup 200 OK (11ms)
[wrangler:info] OPTIONS /auth/needs-setup 200 OK (4ms)
[wrangler:info] GET /auth/needs-setup 200 OK (12ms)
[wrangler:info] OPTIONS /auth/login 200 OK (3ms)
[wrangler:info] POST /auth/login 200 OK (9ms)
[wrangler:info] OPTIONS /status 200 OK (2ms)
[wrangler:info] OPTIONS /projetos 200 OK (10ms)
[wrangler:info] OPTIONS /tempo/ativas 200 OK (9ms)
[wrangler:info] OPTIONS /grupos 200 OK (12ms)
[wrangler:info] OPTIONS /tempo/ultima-sessao 200 OK (12ms)
[wrangler:info] OPTIONS /auth/foco-global 200 OK (7ms)
[wrangler:info] OPTIONS /tempo/resumo-hoje 200 OK (10ms)
[wrangler:info] OPTIONS /status 200 OK (4ms)
[wrangler:info] OPTIONS /tempo/ativas 200 OK (3ms)
[wrangler:info] GET /status 200 OK (12ms)
[wrangler:info] GET /projetos 200 OK (23ms)
[wrangler:info] GET /tempo/ativas 200 OK (25ms)
[wrangler:info] GET /grupos 200 OK (24ms)
[wrangler:info] GET /tempo/ultima-sessao 200 OK (19ms)
[wrangler:info] GET /tempo/resumo-hoje 200 OK (28ms)
[wrangler:info] GET /auth/foco-global 404 Not Found (16ms)
[wrangler:info] GET /tempo/ativas 200 OK (14ms)
[wrangler:info] OPTIONS /auth/needs-setup 200 OK (3ms)
[wrangler:info] GET /auth/needs-setup 200 OK (10ms)
[wrangler:info] OPTIONS /auth/me 200 OK (2ms)
[wrangler:info] GET /auth/me 200 OK (5ms)
[wrangler:info] OPTIONS /status 200 OK (5ms)
[wrangler:info] OPTIONS /projetos 200 OK (7ms)
[wrangler:info] OPTIONS /tempo/ativas 200 OK (8ms)
[wrangler:info] OPTIONS /grupos 200 OK (6ms)
[wrangler:info] OPTIONS /tempo/resumo-hoje 200 OK (8ms)
[wrangler:info] OPTIONS /tempo/ultima-sessao 200 OK (7ms)
[wrangler:info] OPTIONS /auth/foco-global 200 OK (4ms)
[wrangler:info] OPTIONS /tempo/ativas 200 OK (3ms)
[wrangler:info] GET /status 200 OK (14ms)
[wrangler:info] GET /tempo/ativas 200 OK (19ms)
[wrangler:info] GET /projetos 200 OK (26ms)
[wrangler:info] GET /grupos 200 OK (30ms)
[wrangler:info] GET /tempo/resumo-hoje 200 OK (32ms)
[wrangler:info] GET /tempo/ultima-sessao 200 OK (28ms)
[wrangler:info] GET /auth/foco-global 404 Not Found (9ms)
[wrangler:info] GET /tempo/ativas 200 OK (14ms)
[wrangler:info] OPTIONS /status 200 OK (3ms)
[wrangler:info] OPTIONS /auth/needs-setup 200 OK (3ms)
[wrangler:info] GET /auth/needs-setup 200 OK (6ms)
[wrangler:info] OPTIONS /auth/me 200 OK (2ms)
[wrangler:info] GET /auth/me 200 OK (6ms)
[wrangler:info] OPTIONS /tempo/ativas 200 OK (3ms)
[wrangler:info] OPTIONS /grupos 200 OK (7ms)
[wrangler:info] OPTIONS /tempo/ativas 200 OK (7ms)
[wrangler:info] OPTIONS /tempo/ultima-sessao 200 OK (8ms)
[wrangler:info] OPTIONS /auth/foco-global 200 OK (8ms)
[wrangler:info] OPTIONS /tempo/resumo-hoje 200 OK (6ms)
[wrangler:info] GET /tempo/ativas 200 OK (13ms)
[wrangler:info] GET /tempo/resumo-hoje 200 OK (10ms)
[wrangler:info] GET /tempo/ativas 200 OK (16ms)
[wrangler:info] GET /tempo/ultima-sessao 200 OK (20ms)
[wrangler:info] GET /auth/foco-global 404 Not Found (21ms)
[wrangler:info] OPTIONS /projetos 200 OK (7ms)
[wrangler:info] GET /tempo/ultima-sessao 200 OK (12ms)
[wrangler:info] GET /tempo/resumo-hoje 200 OK (15ms)
[wrangler:info] GET /tempo/ativas 200 OK (21ms)
[wrangler:info] GET /auth/foco-global 404 Not Found (19ms)
[wrangler:info] GET /projetos 200 OK (13ms)
[wrangler:info] OPTIONS /projetos 200 OK (8ms)
[wrangler:info] OPTIONS /tempo/ativas 200 OK (10ms)
[wrangler:info] OPTIONS /grupos 200 OK (9ms)
[wrangler:info] OPTIONS /tempo/ultima-sessao 200 OK (9ms)
[wrangler:info] OPTIONS /auth/foco-global 200 OK (7ms)
[wrangler:info] OPTIONS /tempo/resumo-hoje 200 OK (7ms)
[wrangler:info] GET /projetos 200 OK (12ms)
[wrangler:info] GET /tempo/ativas 200 OK (16ms)
[wrangler:info] GET /tempo/ultima-sessao 200 OK (18ms)
[wrangler:info] GET /tempo/resumo-hoje 200 OK (23ms)
[wrangler:info] GET /auth/foco-global 404 Not Found (24ms)
[wrangler:info] GET /projetos 200 OK (9ms)
[wrangler:info] GET /tempo/ativas 200 OK (12ms)
[wrangler:info] GET /tempo/ultima-sessao 200 OK (17ms)
[wrangler:info] GET /tempo/resumo-hoje 200 OK (22ms)
[wrangler:info] GET /auth/foco-global 404 Not Found (19ms)
[wrangler:info] OPTIONS /status 200 OK (4ms)
[wrangler:info] GET /status 200 OK (11ms)
[wrangler:info] OPTIONS /status 200 OK (4ms)
[wrangler:info] GET /status 200 OK (14ms)
[wrangler:info] OPTIONS /status 200 OK (2ms)
[wrangler:info] GET /status 200 OK (15ms)
[wrangler:info] OPTIONS /status 200 OK (3ms)
[wrangler:info] GET /status 200 OK (11ms)
[wrangler:info] OPTIONS /status 200 OK (2ms)
[wrangler:info] GET /status 200 OK (13ms)
[wrangler:info] OPTIONS /status 200 OK (3ms)
[wrangler:info] GET /status 200 OK (12ms)
[wrangler:info] OPTIONS /status 200 OK (3ms)
[wrangler:info] GET /status 200 OK (12ms)
[wrangler:info] OPTIONS /status 200 OK (3ms)
[wrangler:info] GET /status 200 OK (8ms)
[wrangler:info] OPTIONS /status 200 OK (3ms)
[wrangler:info] GET /status 200 OK (11ms)
[wrangler:info] OPTIONS /status 200 OK (5ms)
[wrangler:info] GET /status 200 OK (19ms)
[wrangler:info] OPTIONS /status 200 OK (3ms)
[wrangler:info] GET /status 200 OK (17ms)
[wrangler:info] OPTIONS /status 200 OK (5ms)
[wrangler:info] GET /status 200 OK (11ms)
[wrangler:info] OPTIONS /status 200 OK (3ms)
[wrangler:info] GET /status 200 OK (11ms)
[wrangler:info] OPTIONS /status 200 OK (4ms)
[wrangler:info] GET /status 200 OK (13ms)
[wrangler:info] GET /auth/needs-setup 200 OK (11ms)
[wrangler:info] OPTIONS /auth/needs-setup 200 OK (4ms)
[wrangler:info] GET /auth/needs-setup 200 OK (6ms)
[wrangler:info] OPTIONS /auth/login 200 OK (3ms)
[wrangler:info] POST /auth/login 200 OK (7ms)
[wrangler:info] OPTIONS /status 200 OK (6ms)
[wrangler:info] OPTIONS /projetos 200 OK (11ms)
[wrangler:info] OPTIONS /tempo/ultima-sessao 200 OK (15ms)
[wrangler:info] OPTIONS /grupos 200 OK (14ms)
[wrangler:info] OPTIONS /tempo/resumo-hoje 200 OK (8ms)
[wrangler:info] OPTIONS /tempo/ativas 200 OK (11ms)
[wrangler:info] OPTIONS /status 200 OK (13ms)
[wrangler:info] OPTIONS /auth/foco-global 200 OK (7ms)
[wrangler:info] OPTIONS /tempo/ativas 200 OK (6ms)
[wrangler:info] OPTIONS /status 200 OK (9ms)
[wrangler:info] GET /status 200 OK (14ms)
[wrangler:info] GET /projetos 200 OK (18ms)
[wrangler:info] GET /tempo/ultima-sessao 200 OK (21ms)
[wrangler:info] GET /grupos 200 OK (30ms)
[wrangler:info] GET /status 200 OK (32ms)
[wrangler:info] GET /tempo/resumo-hoje 200 OK (32ms)
[wrangler:info] GET /tempo/ativas 200 OK (32ms)
[wrangler:info] GET /auth/foco-global 404 Not Found (8ms)
[wrangler:info] GET /tempo/ativas 200 OK (10ms)
[wrangler:info] OPTIONS /status 200 OK (2ms)
[wrangler:info] GET /status 200 OK (13ms)
[wrangler:info] OPTIONS /status 200 OK (4ms)
[wrangler:info] GET /status 200 OK (10ms)
[wrangler:info] OPTIONS /status 200 OK (3ms)
[wrangler:info] GET /status 200 OK (12ms)
[wrangler:info] OPTIONS /status 200 OK (3ms)
[wrangler:info] GET /status 200 OK (14ms)
[wrangler:info] OPTIONS /status 200 OK (3ms)
[wrangler:info] OPTIONS /status 200 OK (4ms)
[wrangler:info] OPTIONS /status 200 OK (5ms)
[wrangler:info] GET /status 200 OK (15ms)
[wrangler:info] OPTIONS /auth/needs-setup 200 OK (2ms)
[wrangler:info] GET /auth/needs-setup 200 OK (5ms)
[wrangler:info] OPTIONS /auth/me 200 OK (4ms)
[wrangler:info] GET /auth/me 200 OK (4ms)
[wrangler:info] OPTIONS /projetos 200 OK (3ms)
[wrangler:info] OPTIONS /tempo/ativas 200 OK (5ms)
[wrangler:info] OPTIONS /grupos 200 OK (5ms)
[wrangler:info] OPTIONS /tempo/ultima-sessao 200 OK (7ms)
[wrangler:info] OPTIONS /tempo/resumo-hoje 200 OK (10ms)
[wrangler:info] OPTIONS /auth/foco-global 200 OK (10ms)
[wrangler:info] OPTIONS /tempo/ativas 200 OK (9ms)
[wrangler:info] GET /projetos 200 OK (11ms)
[wrangler:info] GET /tempo/ativas 200 OK (14ms)
[wrangler:info] GET /grupos 200 OK (19ms)
[wrangler:info] GET /tempo/ultima-sessao 200 OK (30ms)
[wrangler:info] GET /auth/foco-global 404 Not Found (30ms)
[wrangler:info] GET /tempo/resumo-hoje 200 OK (26ms)
[wrangler:info] GET /tempo/ativas 200 OK (19ms)
[wrangler:info] GET /auth/needs-setup 200 OK (5ms)
[wrangler:info] GET /auth/me 200 OK (5ms)
[wrangler:info] GET /tempo/ativas 200 OK (6ms)
[wrangler:info] GET /tempo/ultima-sessao 200 OK (12ms)
[wrangler:info] GET /tempo/resumo-hoje 200 OK (18ms)
[wrangler:info] GET /auth/foco-global 404 Not Found (21ms)
[wrangler:info] GET /tempo/ativas 200 OK (26ms)
[wrangler:info] OPTIONS /projetos 200 OK (6ms)
[wrangler:info] OPTIONS /tempo/ultima-sessao 200 OK (7ms)
[wrangler:info] OPTIONS /grupos 200 OK (9ms)
[wrangler:info] OPTIONS /tempo/ativas 200 OK (8ms)
[wrangler:info] OPTIONS /tempo/resumo-hoje 200 OK (8ms)
[wrangler:info] OPTIONS /auth/foco-global 200 OK (8ms)
[wrangler:info] GET /projetos 200 OK (11ms)
[wrangler:info] GET /tempo/ativas 200 OK (10ms)
[wrangler:info] GET /tempo/ultima-sessao 200 OK (14ms)
[wrangler:info] GET /tempo/resumo-hoje 200 OK (17ms)
[wrangler:info] GET /auth/foco-global 404 Not Found (17ms)
[wrangler:info] GET /projetos 200 OK (14ms)
[wrangler:info] GET /tempo/ativas 200 OK (22ms)
[wrangler:info] GET /tempo/ultima-sessao 200 OK (29ms)
[wrangler:info] GET /auth/foco-global 404 Not Found (27ms)
[wrangler:info] GET /tempo/resumo-hoje 200 OK (30ms)
[wrangler:info] OPTIONS /projetos 200 OK (3ms)
[wrangler:info] OPTIONS /tempo/ativas 200 OK (8ms)
[wrangler:info] OPTIONS /tempo/ultima-sessao 200 OK (9ms)
[wrangler:info] OPTIONS /tempo/resumo-hoje 200 OK (10ms)
[wrangler:info] OPTIONS /grupos 200 OK (10ms)
[wrangler:info] OPTIONS /auth/foco-global 200 OK (7ms)
[wrangler:info] GET /projetos 200 OK (17ms)
[wrangler:info] GET /tempo/ativas 200 OK (18ms)
[wrangler:info] GET /tempo/ultima-sessao 200 OK (23ms)
[wrangler:info] GET /tempo/resumo-hoje 200 OK (26ms)
[wrangler:info] GET /auth/foco-global 404 Not Found (26ms)
[wrangler:info] OPTIONS /auth/needs-setup 200 OK (4ms)
[wrangler:info] GET /auth/needs-setup 200 OK (11ms)
[wrangler:info] OPTIONS /auth/login 200 OK (3ms)
[wrangler:info] POST /auth/login 200 OK (9ms)
[wrangler:info] OPTIONS /status 200 OK (3ms)
[wrangler:info] OPTIONS /projetos 200 OK (10ms)
[wrangler:info] OPTIONS /tempo/ultima-sessao 200 OK (5ms)
[wrangler:info] OPTIONS /grupos 200 OK (12ms)
[wrangler:info] OPTIONS /tempo/ativas 200 OK (11ms)
[wrangler:info] OPTIONS /tempo/resumo-hoje 200 OK (9ms)
[wrangler:info] OPTIONS /auth/foco-global 200 OK (4ms)
[wrangler:info] OPTIONS /tempo/ativas 200 OK (3ms)
[wrangler:info] OPTIONS /status 200 OK (9ms)
[wrangler:info] GET /status 200 OK (11ms)
[wrangler:info] GET /projetos 200 OK (20ms)
[wrangler:info] GET /tempo/ultima-sessao 200 OK (22ms)
[wrangler:info] GET /grupos 200 OK (24ms)
[wrangler:info] GET /tempo/ativas 200 OK (38ms)
[wrangler:info] GET /tempo/resumo-hoje 200 OK (19ms)
[wrangler:info] GET /auth/foco-global 404 Not Found (4ms)
[wrangler:info] GET /tempo/ativas 200 OK (9ms)
[wrangler:info] OPTIONS /auth/needs-setup 200 OK (3ms)
[wrangler:info] GET /auth/needs-setup 200 OK (7ms)
[wrangler:info] OPTIONS /auth/me 200 OK (2ms)
[wrangler:info] GET /auth/me 200 OK (5ms)
[wrangler:info] OPTIONS /status 200 OK (2ms)
[wrangler:info] OPTIONS /projetos 200 OK (7ms)
[wrangler:info] OPTIONS /tempo/ativas 200 OK (9ms)
[wrangler:info] OPTIONS /grupos 200 OK (10ms)
[wrangler:info] OPTIONS /tempo/ultima-sessao 200 OK (9ms)
[wrangler:info] OPTIONS /tempo/resumo-hoje 200 OK (7ms)
[wrangler:info] OPTIONS /auth/foco-global 200 OK (6ms)
[wrangler:info] OPTIONS /tempo/ativas 200 OK (3ms)
[wrangler:info] GET /status 200 OK (13ms)
[wrangler:info] GET /projetos 200 OK (17ms)
[wrangler:info] GET /tempo/ultima-sessao 200 OK (18ms)
[wrangler:info] GET /tempo/ativas 200 OK (23ms)
[wrangler:info] GET /grupos 200 OK (24ms)
[wrangler:info] GET /auth/foco-global 404 Not Found (27ms)
[wrangler:info] GET /tempo/resumo-hoje 200 OK (7ms)
[wrangler:info] GET /tempo/ativas 200 OK (11ms)
[wrangler:info] OPTIONS /status 200 OK (5ms)
[wrangler:info] OPTIONS /status 200 OK (4ms)
[wrangler:info] GET /status 200 OK (17ms)
[wrangler:info] OPTIONS /tempo/ativas 200 OK (3ms)
[wrangler:info] OPTIONS /projetos 200 OK (5ms)
[wrangler:info] OPTIONS /grupos 200 OK (5ms)
[wrangler:info] OPTIONS /tempo/resumo-hoje 200 OK (4ms)
[wrangler:info] OPTIONS /auth/foco-global 200 OK (5ms)
[wrangler:info] OPTIONS /tempo/ultima-sessao 200 OK (5ms)
[wrangler:info] GET /tempo/ativas 200 OK (10ms)
[wrangler:info] GET /projetos 200 OK (13ms)
[wrangler:info] GET /tempo/resumo-hoje 200 OK (16ms)
[wrangler:info] GET /auth/foco-global 404 Not Found (15ms)
[wrangler:info] GET /tempo/ultima-sessao 200 OK (20ms)
[wrangler:info] GET /projetos 200 OK (7ms)
[wrangler:info] GET /tempo/ativas 200 OK (12ms)
[wrangler:info] GET /tempo/resumo-hoje 200 OK (20ms)
[wrangler:info] GET /tempo/ultima-sessao 200 OK (23ms)
[wrangler:info] GET /auth/foco-global 404 Not Found (22ms)
[wrangler:info] GET /tempo/ativas 200 OK (8ms)
[wrangler:info] GET /projetos 200 OK (14ms)
[wrangler:info] GET /tempo/ultima-sessao 200 OK (16ms)
[wrangler:info] GET /tempo/resumo-hoje 200 OK (17ms)
[wrangler:info] GET /auth/foco-global 404 Not Found (20ms)
[wrangler:info] OPTIONS /status 200 OK (2ms)
[wrangler:info] GET /status 200 OK (8ms)
[wrangler:info] OPTIONS /projetos 200 OK (6ms)
[wrangler:info] OPTIONS /grupos 200 OK (8ms)
[wrangler:info] OPTIONS /tempo/ultima-sessao 200 OK (8ms)
[wrangler:info] OPTIONS /tempo/resumo-hoje 200 OK (8ms)
[wrangler:info] OPTIONS /tempo/ativas 200 OK (7ms)
[wrangler:info] OPTIONS /auth/foco-global 200 OK (8ms)
[wrangler:info] GET /projetos 200 OK (10ms)
[wrangler:info] GET /tempo/ativas 200 OK (11ms)
[wrangler:info] GET /tempo/ultima-sessao 200 OK (15ms)
[wrangler:info] GET /tempo/resumo-hoje 200 OK (19ms)
[wrangler:info] GET /grupos 200 OK (24ms)
[wrangler:info] GET /auth/foco-global 404 Not Found (23ms)
[wrangler:info] GET /tempo/ativas 200 OK (8ms)
[wrangler:info] GET /projetos 200 OK (11ms)
[wrangler:info] GET /tempo/resumo-hoje 200 OK (14ms)
[wrangler:info] GET /tempo/ultima-sessao 200 OK (18ms)
[wrangler:info] GET /auth/foco-global 404 Not Found (21ms)
[wrangler:info] GET /projetos 200 OK (10ms)
[wrangler:info] GET /tempo/ativas 200 OK (14ms)
[wrangler:info] GET /tempo/ultima-sessao 200 OK (18ms)
[wrangler:info] GET /tempo/resumo-hoje 200 OK (16ms)
[wrangler:info] GET /auth/foco-global 404 Not Found (17ms)
[wrangler:info] GET /projetos 200 OK (11ms)
[wrangler:info] GET /tempo/ativas 200 OK (14ms)
[wrangler:info] GET /tempo/resumo-hoje 200 OK (17ms)
[wrangler:info] GET /auth/foco-global 404 Not Found (18ms)
[wrangler:info] GET /tempo/ultima-sessao 200 OK (23ms)
[wrangler:info] OPTIONS /projetos 200 OK (4ms)
[wrangler:info] OPTIONS /tempo/ativas 200 OK (4ms)
[wrangler:info] OPTIONS /tempo/ultima-sessao 200 OK (7ms)
[wrangler:info] OPTIONS /grupos 200 OK (7ms)
[wrangler:info] OPTIONS /tempo/resumo-hoje 200 OK (6ms)
[wrangler:info] OPTIONS /auth/foco-global 200 OK (7ms)
[wrangler:info] GET /projetos 200 OK (10ms)
[wrangler:info] GET /tempo/ativas 200 OK (13ms)
[wrangler:info] GET /tempo/resumo-hoje 200 OK (16ms)
[wrangler:info] GET /auth/foco-global 404 Not Found (16ms)
[wrangler:info] GET /tempo/ultima-sessao 200 OK (20ms)
[wrangler:info] OPTIONS /status 200 OK (3ms)
[wrangler:info] OPTIONS /status 200 OK (3ms)
[wrangler:info] GET /status 200 OK (9ms)
[wrangler:info] OPTIONS /projetos 200 OK (6ms)
[wrangler:info] OPTIONS /tempo/ativas 200 OK (6ms)
[wrangler:info] OPTIONS /grupos 200 OK (6ms)
[wrangler:info] OPTIONS /tempo/ultima-sessao 200 OK (5ms)
[wrangler:info] OPTIONS /tempo/resumo-hoje 200 OK (6ms)
[wrangler:info] OPTIONS /auth/foco-global 200 OK (5ms)
[wrangler:info] GET /projetos 200 OK (8ms)
[wrangler:info] GET /tempo/ativas 200 OK (12ms)
[wrangler:info] GET /tempo/resumo-hoje 200 OK (15ms)
[wrangler:info] GET /auth/foco-global 404 Not Found (21ms)
[wrangler:info] GET /tempo/ultima-sessao 200 OK (22ms)
[wrangler:info] OPTIONS /projetos 200 OK (7ms)
[wrangler:info] GET /tempo/ativas 200 OK (16ms)
[wrangler:info] GET /tempo/resumo-hoje 200 OK (19ms)
[wrangler:info] GET /auth/foco-global 404 Not Found (20ms)
[wrangler:info] GET /tempo/ultima-sessao 200 OK (19ms)
[wrangler:info] GET /projetos 200 OK (13ms)
[wrangler:info] OPTIONS /projetos 200 OK (4ms)
[wrangler:info] GET /tempo/ativas 200 OK (9ms)
[wrangler:info] GET /tempo/ultima-sessao 200 OK (19ms)
[wrangler:info] GET /auth/foco-global 404 Not Found (19ms)
[wrangler:info] GET /tempo/resumo-hoje 200 OK (19ms)
[wrangler:info] GET /projetos 200 OK (10ms)
[wrangler:info] OPTIONS /projetos 200 OK (4ms)
[wrangler:info] GET /tempo/ativas 200 OK (9ms)
[wrangler:info] GET /tempo/ultima-sessao 200 OK (15ms)
[wrangler:info] GET /tempo/resumo-hoje 200 OK (18ms)
[wrangler:info] GET /auth/foco-global 404 Not Found (19ms)
[wrangler:info] GET /projetos 200 OK (11ms)
[wrangler:info] OPTIONS /projetos 200 OK (4ms)
[wrangler:info] GET /tempo/ativas 200 OK (7ms)
[wrangler:info] GET /tempo/resumo-hoje 200 OK (11ms)
[wrangler:info] GET /tempo/ultima-sessao 200 OK (16ms)
[wrangler:info] GET /auth/foco-global 404 Not Found (18ms)
[wrangler:info] GET /projetos 200 OK (12ms)
[wrangler:info] OPTIONS /projetos 200 OK (2ms)
[wrangler:info] GET /tempo/ativas 200 OK (8ms)
[wrangler:info] GET /tempo/ultima-sessao 200 OK (10ms)
[wrangler:info] GET /auth/foco-global 404 Not Found (10ms)
[wrangler:info] GET /tempo/resumo-hoje 200 OK (12ms)
[wrangler:info] GET /projetos 200 OK (15ms)
[wrangler:info] OPTIONS /projetos 200 OK (4ms)
[wrangler:info] GET /tempo/ativas 200 OK (7ms)
[wrangler:info] GET /tempo/resumo-hoje 200 OK (12ms)
[wrangler:info] GET /tempo/ultima-sessao 200 OK (17ms)
[wrangler:info] GET /auth/foco-global 404 Not Found (19ms)
[wrangler:info] GET /projetos 200 OK (12ms)
[wrangler:info] OPTIONS /tempo/ultima-sessao 200 OK (5ms)
[wrangler:info] OPTIONS /grupos 200 OK (5ms)
[wrangler:info] OPTIONS /projetos 200 OK (5ms)
[wrangler:info] OPTIONS /tempo/ativas 200 OK (6ms)
[wrangler:info] OPTIONS /tempo/resumo-hoje 200 OK (4ms)
[wrangler:info] OPTIONS /auth/foco-global 200 OK (5ms)
[wrangler:info] GET /tempo/ultima-sessao 200 OK (9ms)
[wrangler:info] GET /projetos 200 OK (12ms)
[wrangler:info] GET /tempo/ativas 200 OK (17ms)
[wrangler:info] GET /tempo/resumo-hoje 200 OK (19ms)
[wrangler:info] GET /auth/foco-global 404 Not Found (20ms)
[wrangler:info] OPTIONS /status 200 OK (3ms)
[wrangler:info] GET /status 200 OK (14ms)
[wrangler:info] OPTIONS /auth/needs-setup 200 OK (3ms)
[wrangler:info] GET /auth/needs-setup 200 OK (7ms)
[wrangler:info] OPTIONS /auth/login 200 OK (2ms)
[wrangler:info] POST /auth/login 200 OK (9ms)
[wrangler:info] OPTIONS /status 200 OK (2ms)
[wrangler:info] OPTIONS /projetos 200 OK (10ms)
[wrangler:info] OPTIONS /tempo/ultima-sessao 200 OK (4ms)
[wrangler:info] OPTIONS /grupos 200 OK (11ms)
[wrangler:info] OPTIONS /tempo/ativas 200 OK (9ms)
[wrangler:info] OPTIONS /tempo/resumo-hoje 200 OK (9ms)
[wrangler:info] OPTIONS /auth/foco-global 200 OK (9ms)
[wrangler:info] OPTIONS /tempo/ativas 200 OK (8ms)
[wrangler:info] OPTIONS /status 200 OK (8ms)
[wrangler:info] GET /status 200 OK (16ms)
[wrangler:info] GET /projetos 200 OK (18ms)
[wrangler:info] GET /tempo/ultima-sessao 200 OK (22ms)
[wrangler:info] GET /grupos 200 OK (24ms)
[wrangler:info] GET /tempo/ativas 200 OK (21ms)
[wrangler:info] GET /tempo/resumo-hoje 200 OK (19ms)
[wrangler:info] GET /auth/foco-global 404 Not Found (15ms)
[wrangler:info] GET /tempo/ativas 200 OK (14ms)
[wrangler:info] OPTIONS /status 200 OK (2ms)
[wrangler:info] GET /status 200 OK (14ms)
[wrangler:info] OPTIONS /status 200 OK (4ms)
[wrangler:info] OPTIONS /status 200 OK (5ms)
[wrangler:info] GET /status 200 OK (14ms)
[wrangler:info] OPTIONS /auth/needs-setup 200 OK (3ms)
[wrangler:info] GET /auth/needs-setup 200 OK (5ms)
[wrangler:info] OPTIONS /auth/me 200 OK (2ms)
[wrangler:info] GET /auth/me 200 OK (5ms)
[wrangler:info] OPTIONS /projetos 200 OK (4ms)
[wrangler:info] OPTIONS /grupos 200 OK (4ms)
[wrangler:info] OPTIONS /tempo/ativas 200 OK (7ms)
[wrangler:info] OPTIONS /tempo/ultima-sessao 200 OK (6ms)
[wrangler:info] OPTIONS /tempo/resumo-hoje 200 OK (6ms)
[wrangler:info] OPTIONS /auth/foco-global 200 OK (7ms)
[wrangler:info] OPTIONS /tempo/ativas 200 OK (3ms)
[wrangler:info] GET /projetos 200 OK (9ms)
[wrangler:info] GET /tempo/ativas 200 OK (16ms)
[wrangler:info] GET /grupos 200 OK (18ms)
[wrangler:info] GET /auth/foco-global 404 Not Found (17ms)
[wrangler:info] GET /tempo/resumo-hoje 200 OK (21ms)
[wrangler:info] GET /tempo/ultima-sessao 200 OK (20ms)
[wrangler:info] GET /tempo/ativas 200 OK (10ms)
[wrangler:info] OPTIONS /status 200 OK (2ms)
[wrangler:info] GET /status 200 OK (12ms)
[wrangler:info] OPTIONS /status 200 OK (2ms)
[wrangler:info] GET /status 200 OK (11ms)
[wrangler:info] OPTIONS /status 200 OK (3ms)
[wrangler:info] GET /status 200 OK (14ms)
[wrangler:info] OPTIONS /status 200 OK (3ms)
[wrangler:info] OPTIONS /auth/needs-setup 200 OK (2ms)
[wrangler:info] GET /auth/needs-setup 200 OK (8ms)
[wrangler:info] OPTIONS /auth/me 200 OK (2ms)
[wrangler:info] GET /auth/me 200 OK (7ms)
[wrangler:info] OPTIONS /status 200 OK (2ms)
[wrangler:info] OPTIONS /projetos 200 OK (6ms)
[wrangler:info] OPTIONS /tempo/ativas 200 OK (10ms)
[wrangler:info] OPTIONS /grupos 200 OK (9ms)
[wrangler:info] OPTIONS /tempo/ultima-sessao 200 OK (8ms)
[wrangler:info] OPTIONS /tempo/resumo-hoje 200 OK (8ms)
[wrangler:info] OPTIONS /auth/foco-global 200 OK (9ms)
[wrangler:info] OPTIONS /tempo/ativas 200 OK (3ms)
[wrangler:info] GET /status 200 OK (9ms)
[wrangler:info] GET /tempo/ativas 200 OK (17ms)
[wrangler:info] GET /projetos 200 OK (14ms)
[wrangler:info] GET /grupos 200 OK (21ms)
[wrangler:info] GET /tempo/ultima-sessao 200 OK (27ms)
[wrangler:info] GET /auth/foco-global 404 Not Found (12ms)
[wrangler:info] GET /tempo/resumo-hoje 200 OK (7ms)
[wrangler:info] GET /tempo/ativas 200 OK (12ms)
[wrangler:info] OPTIONS /status 200 OK (2ms)
[wrangler:info] GET /status 200 OK (13ms)
[wrangler:info] OPTIONS /status 200 OK (4ms)
[wrangler:info] OPTIONS /status 200 OK (3ms)
[wrangler:info] GET /status 200 OK (16ms)
[wrangler:info] OPTIONS /auth/needs-setup 200 OK (3ms)
[wrangler:info] GET /auth/needs-setup 200 OK (5ms)
[wrangler:info] OPTIONS /auth/me 200 OK (2ms)
[wrangler:info] GET /auth/me 200 OK (5ms)
[wrangler:info] OPTIONS /projetos 200 OK (6ms)
[wrangler:info] OPTIONS /tempo/ativas 200 OK (7ms)
[wrangler:info] OPTIONS /grupos 200 OK (7ms)
[wrangler:info] OPTIONS /tempo/resumo-hoje 200 OK (4ms)
[wrangler:info] OPTIONS /tempo/ultima-sessao 200 OK (5ms)
[wrangler:info] OPTIONS /auth/foco-global 200 OK (3ms)
[wrangler:info] OPTIONS /tempo/ativas 200 OK (2ms)
[wrangler:info] GET /projetos 200 OK (8ms)
[wrangler:info] GET /tempo/ativas 200 OK (13ms)
[wrangler:info] GET /grupos 200 OK (15ms)
[wrangler:info] GET /tempo/ultima-sessao 200 OK (17ms)
[wrangler:info] GET /tempo/resumo-hoje 200 OK (23ms)
[wrangler:info] GET /auth/foco-global 404 Not Found (20ms)
[wrangler:info] GET /tempo/ativas 200 OK (7ms)
[wrangler:info] OPTIONS /status 200 OK (2ms)
[wrangler:info] GET /status 200 OK (11ms)
[wrangler:info] OPTIONS /status 200 OK (2ms)
[wrangler:info] GET /status 200 OK (12ms)
[wrangler:info] OPTIONS /status 200 OK (3ms)
[wrangler:info] GET /status 200 OK (13ms)
[wrangler:info] OPTIONS /status 200 OK (3ms)
[wrangler:info] GET /status 200 OK (11ms)
[wrangler:info] OPTIONS /status 200 OK (7ms)
[wrangler:info] OPTIONS /status 200 OK (6ms)
[wrangler:info] GET /status 200 OK (12ms)
[wrangler:info] OPTIONS /auth/needs-setup 200 OK (3ms)
[wrangler:info] GET /auth/needs-setup 200 OK (8ms)
[wrangler:info] OPTIONS /auth/me 200 OK (2ms)
[wrangler:info] GET /auth/me 200 OK (5ms)
[wrangler:info] OPTIONS /tempo/ativas 200 OK (4ms)
[wrangler:info] OPTIONS /projetos 200 OK (4ms)
[wrangler:info] OPTIONS /grupos 200 OK (8ms)
[wrangler:info] OPTIONS /tempo/resumo-hoje 200 OK (6ms)
[wrangler:info] OPTIONS /auth/foco-global 200 OK (7ms)
[wrangler:info] OPTIONS /tempo/ultima-sessao 200 OK (8ms)
[wrangler:info] OPTIONS /tempo/ativas 200 OK (4ms)
[wrangler:info] GET /tempo/ativas 200 OK (11ms)
[wrangler:info] GET /projetos 200 OK (20ms)
[wrangler:info] GET /grupos 200 OK (26ms)
[wrangler:info] GET /auth/foco-global 404 Not Found (23ms)
[wrangler:info] GET /tempo/resumo-hoje 200 OK (26ms)
[wrangler:info] GET /tempo/ultima-sessao 200 OK (23ms)
[wrangler:info] GET /tempo/ativas 200 OK (10ms)
[wrangler:info] OPTIONS /status 200 OK (4ms)
[wrangler:info] OPTIONS /status 200 OK (4ms)
[wrangler:info] GET /status 200 OK (17ms)
[wrangler:info] OPTIONS /status 200 OK (2ms)
[wrangler:info] OPTIONS /status 200 OK (4ms)
[wrangler:info] OPTIONS /status 200 OK (4ms)
[wrangler:info] GET /status 200 OK (16ms)
[wrangler:info] OPTIONS /status 200 OK (3ms)
[wrangler:info] GET /status 200 OK (12ms)
[wrangler:info] OPTIONS /status 200 OK (3ms)
[wrangler:info] GET /status 200 OK (13ms)
[wrangler:info] OPTIONS /status 200 OK (5ms)
[wrangler:info] OPTIONS /status 200 OK (5ms)
[wrangler:info] GET /status 200 OK (14ms)
[wrangler:info] OPTIONS /auth/needs-setup 200 OK (2ms)
[wrangler:info] GET /auth/needs-setup 200 OK (4ms)
[wrangler:info] OPTIONS /auth/me 200 OK (2ms)
[wrangler:info] GET /auth/me 200 OK (5ms)
[wrangler:info] OPTIONS /projetos 200 OK (4ms)
[wrangler:info] OPTIONS /tempo/ativas 200 OK (4ms)
[wrangler:info] OPTIONS /grupos 200 OK (6ms)
[wrangler:info] OPTIONS /tempo/resumo-hoje 200 OK (6ms)
[wrangler:info] OPTIONS /auth/foco-global 200 OK (6ms)
[wrangler:info] OPTIONS /tempo/ultima-sessao 200 OK (8ms)
[wrangler:info] OPTIONS /tempo/ativas 200 OK (3ms)
[wrangler:info] GET /tempo/ativas 200 OK (8ms)
[wrangler:info] GET /projetos 200 OK (13ms)
[wrangler:info] GET /grupos 200 OK (14ms)
[wrangler:info] GET /tempo/ultima-sessao 200 OK (19ms)
[wrangler:info] GET /tempo/resumo-hoje 200 OK (21ms)
[wrangler:info] GET /auth/foco-global 404 Not Found (18ms)
[wrangler:info] GET /tempo/ativas 200 OK (7ms)
[wrangler:info] OPTIONS /status 200 OK (4ms)
[wrangler:info] OPTIONS /status 200 OK (3ms)
[wrangler:info] GET /status 200 OK (14ms)
[wrangler:info] OPTIONS /status 200 OK (3ms)
[wrangler:info] GET /status 200 OK (11ms)
[wrangler:info] OPTIONS /status 200 OK (3ms)
[wrangler:info] GET /status 200 OK (9ms)
[wrangler:info] OPTIONS /status 200 OK (3ms)
[wrangler:info] OPTIONS /auth/needs-setup 200 OK (3ms)
[wrangler:info] GET /auth/needs-setup 200 OK (6ms)
[wrangler:info] OPTIONS /auth/me 200 OK (2ms)
[wrangler:info] GET /auth/me 200 OK (6ms)
[wrangler:info] OPTIONS /projetos 200 OK (11ms)
[wrangler:info] OPTIONS /tempo/ativas 200 OK (9ms)
[wrangler:info] OPTIONS /grupos 200 OK (10ms)
[wrangler:info] OPTIONS /tempo/ultima-sessao 200 OK (9ms)
[wrangler:info] OPTIONS /tempo/resumo-hoje 200 OK (7ms)
[wrangler:info] OPTIONS /auth/foco-global 200 OK (8ms)
[wrangler:info] OPTIONS /tempo/ativas 200 OK (4ms)
[wrangler:info] GET /projetos 200 OK (9ms)
[wrangler:info] GET /tempo/ativas 200 OK (12ms)
[wrangler:info] GET /grupos 200 OK (17ms)
[wrangler:info] GET /tempo/ultima-sessao 200 OK (20ms)
[wrangler:info] GET /tempo/resumo-hoje 200 OK (34ms)
[wrangler:info] GET /auth/foco-global 404 Not Found (6ms)
[wrangler:info] GET /tempo/ativas 200 OK (12ms)
[wrangler:info] OPTIONS /status 200 OK (3ms)
[wrangler:info] GET /status 200 OK (12ms)
[wrangler:info] OPTIONS /status 200 OK (4ms)
[wrangler:info] OPTIONS /status 200 OK (4ms)
[wrangler:info] OPTIONS /status 200 OK (5ms)
[wrangler:info] OPTIONS /status 200 OK (6ms)
[wrangler:info] GET /status 200 OK (15ms)
[wrangler:info] OPTIONS /status 200 OK (3ms)
[wrangler:info] GET /status 200 OK (16ms)
[wrangler:info] OPTIONS /auth/needs-setup 200 OK (2ms)
[wrangler:info] GET /auth/needs-setup 200 OK (5ms)
[wrangler:info] OPTIONS /auth/me 200 OK (2ms)
[wrangler:info] GET /auth/me 200 OK (5ms)
[wrangler:info] OPTIONS /projetos 200 OK (3ms)
[wrangler:info] OPTIONS /grupos 200 OK (6ms)
[wrangler:info] OPTIONS /tempo/ativas 200 OK (6ms)
[wrangler:info] OPTIONS /tempo/ultima-sessao 200 OK (6ms)
[wrangler:info] OPTIONS /tempo/resumo-hoje 200 OK (5ms)
[wrangler:info] OPTIONS /auth/foco-global 200 OK (5ms)
[wrangler:info] OPTIONS /tempo/ativas 200 OK (3ms)
[wrangler:info] GET /projetos 200 OK (13ms)
[wrangler:info] GET /grupos 200 OK (14ms)
[wrangler:info] GET /auth/foco-global 404 Not Found (13ms)
[wrangler:info] GET /tempo/ultima-sessao 200 OK (16ms)
[wrangler:info] GET /tempo/ativas 200 OK (20ms)
[wrangler:info] GET /tempo/resumo-hoje 200 OK (20ms)
[wrangler:info] GET /tempo/ativas 200 OK (16ms)
[wrangler:info] OPTIONS /status 200 OK (3ms)
[wrangler:info] OPTIONS /status 200 OK (2ms)
[wrangler:info] GET /status 200 OK (10ms)
[wrangler:info] OPTIONS /status 200 OK (2ms)
[wrangler:info] GET /status 200 OK (12ms)
[wrangler:info] OPTIONS /status 200 OK (2ms)
[wrangler:info] GET /status 200 OK (11ms)
[wrangler:info] OPTIONS /status 200 OK (3ms)
[wrangler:info] GET /status 200 OK (10ms)
[wrangler:info] OPTIONS /status 200 OK (4ms)
[wrangler:info] GET /status 200 OK (13ms)
[wrangler:info] OPTIONS /status 200 OK (5ms)
[wrangler:info] OPTIONS /status 200 OK (5ms)
[wrangler:info] GET /status 200 OK (14ms)
[wrangler:info] OPTIONS /auth/needs-setup 200 OK (3ms)
[wrangler:info] GET /auth/needs-setup 200 OK (5ms)
[wrangler:info] OPTIONS /auth/me 200 OK (3ms)
[wrangler:info] GET /auth/me 200 OK (7ms)
[wrangler:info] OPTIONS /tempo/ativas 200 OK (5ms)
[wrangler:info] OPTIONS /projetos 200 OK (7ms)
[wrangler:info] OPTIONS /grupos 200 OK (7ms)
[wrangler:info] OPTIONS /tempo/ultima-sessao 200 OK (6ms)
[wrangler:info] OPTIONS /tempo/resumo-hoje 200 OK (7ms)
[wrangler:info] OPTIONS /auth/foco-global 200 OK (5ms)
[wrangler:info] OPTIONS /tempo/ativas 200 OK (5ms)
[wrangler:info] GET /projetos 200 OK (12ms)
[wrangler:info] GET /tempo/ativas 200 OK (12ms)
[wrangler:info] GET /grupos 200 OK (18ms)
[wrangler:info] GET /tempo/ultima-sessao 200 OK (22ms)
[wrangler:info] GET /auth/foco-global 404 Not Found (17ms)
[wrangler:info] GET /tempo/resumo-hoje 200 OK (24ms)
[wrangler:info] GET /tempo/ativas 200 OK (14ms)
[wrangler:info] OPTIONS /status 200 OK (7ms)
[wrangler:info] OPTIONS /status 200 OK (7ms)
[wrangler:info] GET /status 200 OK (13ms)
[wrangler:info] OPTIONS /auth/needs-setup 200 OK (2ms)
[wrangler:info] GET /auth/needs-setup 200 OK (4ms)
[wrangler:info] OPTIONS /auth/me 200 OK (3ms)
[wrangler:info] GET /auth/me 200 OK (5ms)
[wrangler:info] OPTIONS /projetos 200 OK (4ms)
[wrangler:info] OPTIONS /tempo/ativas 200 OK (4ms)
[wrangler:info] OPTIONS /grupos 200 OK (8ms)
[wrangler:info] OPTIONS /tempo/ultima-sessao 200 OK (6ms)
[wrangler:info] OPTIONS /tempo/resumo-hoje 200 OK (6ms)
[wrangler:info] OPTIONS /auth/foco-global 200 OK (7ms)
[wrangler:info] OPTIONS /tempo/ativas 200 OK (3ms)
[wrangler:info] GET /projetos 200 OK (11ms)
[wrangler:info] GET /tempo/ativas 200 OK (12ms)
[wrangler:info] GET /tempo/ultima-sessao 200 OK (17ms)
[wrangler:info] GET /tempo/resumo-hoje 200 OK (20ms)
[wrangler:info] GET /auth/foco-global 404 Not Found (21ms)
[wrangler:info] GET /tempo/ativas 200 OK (20ms)
[wrangler:info] GET /auth/needs-setup 200 OK (5ms)
[wrangler:info] GET /auth/me 200 OK (6ms)
[wrangler:info] GET /tempo/ativas 200 OK (8ms)
[wrangler:info] GET /grupos 200 OK (11ms)
[wrangler:info] GET /tempo/resumo-hoje 200 OK (18ms)
[wrangler:info] GET /tempo/ultima-sessao 200 OK (22ms)
[wrangler:info] GET /auth/foco-global 404 Not Found (23ms)
[wrangler:info] GET /tempo/ativas 200 OK (28ms)
[wrangler:info] OPTIONS /status 200 OK (3ms)
[wrangler:info] GET /status 200 OK (14ms)
[wrangler:info] OPTIONS /status 200 OK (4ms)
[wrangler:info] GET /status 200 OK (14ms)
[wrangler:info] OPTIONS /auth/needs-setup 200 OK (3ms)
[wrangler:info] GET /auth/needs-setup 200 OK (4ms)
[wrangler:info] OPTIONS /auth/me 200 OK (2ms)
[wrangler:info] GET /auth/me 200 OK (6ms)
[wrangler:info] OPTIONS /projetos 200 OK (2ms)
[wrangler:info] OPTIONS /tempo/ativas 200 OK (9ms)
[wrangler:info] OPTIONS /grupos 200 OK (7ms)
[wrangler:info] OPTIONS /auth/foco-global 200 OK (2ms)
[wrangler:info] OPTIONS /tempo/ultima-sessao 200 OK (8ms)
[wrangler:info] OPTIONS /tempo/resumo-hoje 200 OK (7ms)
[wrangler:info] OPTIONS /tempo/ativas 200 OK (3ms)
[wrangler:info] GET /projetos 200 OK (10ms)
[wrangler:info] GET /tempo/ativas 200 OK (14ms)
[wrangler:info] GET /grupos 200 OK (15ms)
[wrangler:info] GET /auth/foco-global 404 Not Found (15ms)
[wrangler:info] GET /tempo/resumo-hoje 200 OK (19ms)
[wrangler:info] GET /tempo/ultima-sessao 200 OK (22ms)
[wrangler:info] GET /tempo/ativas 200 OK (21ms)
[wrangler:info] OPTIONS /status 200 OK (5ms)
[wrangler:info] GET /status 200 OK (15ms)
[wrangler:info] OPTIONS /status 200 OK (3ms)
[wrangler:info] GET /status 200 OK (11ms)
[wrangler:info] OPTIONS /status 200 OK (4ms)
[wrangler:info] OPTIONS /status 200 OK (4ms)
[wrangler:info] GET /status 200 OK (13ms)
[wrangler:info] OPTIONS /auth/needs-setup 200 OK (3ms)
[wrangler:info] GET /auth/needs-setup 200 OK (4ms)
[wrangler:info] OPTIONS /auth/me 200 OK (2ms)
[wrangler:info] GET /auth/me 200 OK (4ms)
[wrangler:info] OPTIONS /tempo/ativas 200 OK (6ms)
[wrangler:info] OPTIONS /projetos 200 OK (8ms)
[wrangler:info] OPTIONS /grupos 200 OK (10ms)
[wrangler:info] OPTIONS /tempo/ultima-sessao 200 OK (9ms)
[wrangler:info] OPTIONS /tempo/resumo-hoje 200 OK (10ms)
[wrangler:info] OPTIONS /auth/foco-global 200 OK (7ms)
[wrangler:info] OPTIONS /tempo/ativas 200 OK (4ms)
[wrangler:info] GET /tempo/ativas 200 OK (11ms)
[wrangler:info] GET /projetos 200 OK (13ms)
[wrangler:info] GET /tempo/resumo-hoje 200 OK (19ms)
[wrangler:info] GET /grupos 200 OK (23ms)
[wrangler:info] GET /tempo/ultima-sessao 200 OK (27ms)
[wrangler:info] GET /auth/foco-global 404 Not Found (24ms)
[wrangler:info] GET /tempo/ativas 200 OK (27ms)
[wrangler:info] OPTIONS /status 200 OK (5ms)
[wrangler:info] OPTIONS /status 200 OK (3ms)
[wrangler:info] GET /status 200 OK (11ms)
[wrangler:info] OPTIONS /status 200 OK (6ms)
[wrangler:info] GET /status 200 OK (15ms)
[wrangler:info] OPTIONS /status 200 OK (4ms)
[wrangler:info] GET /status 200 OK (14ms)
[wrangler:info] OPTIONS /status 200 OK (2ms)
[wrangler:info] GET /status 200 OK (14ms)
[wrangler:info] OPTIONS /status 200 OK (3ms)
[wrangler:info] GET /status 200 OK (13ms)
[wrangler:info] OPTIONS /status 200 OK (4ms)
[wrangler:info] OPTIONS /status 200 OK (5ms)
[wrangler:info] GET /status 200 OK (13ms)
[wrangler:info] OPTIONS /auth/needs-setup 200 OK (2ms)
[wrangler:info] GET /auth/needs-setup 200 OK (5ms)
[wrangler:info] OPTIONS /auth/me 200 OK (2ms)
[wrangler:info] GET /auth/me 200 OK (4ms)
[wrangler:info] OPTIONS /projetos 200 OK (3ms)
[wrangler:info] OPTIONS /tempo/ativas 200 OK (4ms)
[wrangler:info] OPTIONS /grupos 200 OK (8ms)
[wrangler:info] OPTIONS /tempo/ultima-sessao 200 OK (6ms)
[wrangler:info] OPTIONS /tempo/resumo-hoje 200 OK (6ms)
[wrangler:info] OPTIONS /auth/foco-global 200 OK (7ms)
[wrangler:info] OPTIONS /tempo/ativas 200 OK (4ms)
[wrangler:info] GET /projetos 200 OK (12ms)
[wrangler:info] GET /tempo/ativas 200 OK (15ms)
[wrangler:info] GET /grupos 200 OK (20ms)
[wrangler:info] GET /auth/foco-global 404 Not Found (22ms)
[wrangler:info] GET /tempo/resumo-hoje 200 OK (25ms)
[wrangler:info] GET /tempo/ultima-sessao 200 OK (23ms)
[wrangler:info] GET /tempo/ativas 200 OK (7ms)
[wrangler:info] OPTIONS /status 200 OK (4ms)
[wrangler:info] GET /status 200 OK (11ms)
[wrangler:info] OPTIONS /status 200 OK (2ms)
[wrangler:info] GET /status 200 OK (11ms)
[wrangler:info] OPTIONS /status 200 OK (3ms)
[wrangler:info] OPTIONS /status 200 OK (4ms)
[wrangler:info] OPTIONS /status 200 OK (5ms)
[wrangler:info] GET /status 200 OK (14ms)
[wrangler:info] OPTIONS /auth/needs-setup 200 OK (2ms)
[wrangler:info] GET /auth/needs-setup 200 OK (7ms)
[wrangler:info] OPTIONS /auth/me 200 OK (2ms)
[wrangler:info] GET /auth/me 200 OK (4ms)
[wrangler:info] OPTIONS /projetos 200 OK (3ms)
[wrangler:info] OPTIONS /tempo/ativas 200 OK (7ms)
[wrangler:info] OPTIONS /tempo/ultima-sessao 200 OK (9ms)
[wrangler:info] OPTIONS /grupos 200 OK (10ms)
[wrangler:info] OPTIONS /tempo/resumo-hoje 200 OK (6ms)
[wrangler:info] OPTIONS /auth/foco-global 200 OK (8ms)
[wrangler:info] OPTIONS /tempo/ativas 200 OK (3ms)
[wrangler:info] GET /projetos 200 OK (9ms)
[wrangler:info] GET /tempo/ativas 200 OK (13ms)
[wrangler:info] GET /tempo/ultima-sessao 200 OK (13ms)
[wrangler:info] GET /grupos 200 OK (19ms)
[wrangler:info] GET /tempo/resumo-hoje 200 OK (21ms)
[wrangler:info] GET /auth/foco-global 404 Not Found (21ms)
[wrangler:info] GET /tempo/ativas 200 OK (10ms)
[wrangler:info] OPTIONS /status 200 OK (2ms)
[wrangler:info] GET /status 200 OK (8ms)
[wrangler:info] OPTIONS /status 200 OK (3ms)
[wrangler:info] GET /status 200 OK (14ms)
[wrangler:info] OPTIONS /status 200 OK (3ms)
[wrangler:info] OPTIONS /status 200 OK (5ms)
[wrangler:info] OPTIONS /status 200 OK (5ms)
[wrangler:info] GET /status 200 OK (14ms)
[wrangler:info] OPTIONS /auth/needs-setup 200 OK (4ms)
[wrangler:info] GET /auth/needs-setup 200 OK (6ms)
[wrangler:info] OPTIONS /auth/me 200 OK (5ms)
[wrangler:info] GET /auth/me 200 OK (8ms)
[wrangler:info] OPTIONS /projetos 200 OK (4ms)
[wrangler:info] OPTIONS /tempo/ativas 200 OK (4ms)
[wrangler:info] OPTIONS /grupos 200 OK (8ms)
[wrangler:info] OPTIONS /tempo/ultima-sessao 200 OK (3ms)
[wrangler:info] OPTIONS /auth/foco-global 200 OK (8ms)
[wrangler:info] OPTIONS /tempo/resumo-hoje 200 OK (7ms)
[wrangler:info] OPTIONS /tempo/ativas 200 OK (4ms)
[wrangler:info] GET /projetos 200 OK (9ms)
[wrangler:info] GET /tempo/ativas 200 OK (15ms)
[wrangler:info] GET /grupos 200 OK (15ms)
[wrangler:info] GET /tempo/ultima-sessao 200 OK (18ms)
[wrangler:info] GET /auth/foco-global 404 Not Found (21ms)
[wrangler:info] GET /tempo/resumo-hoje 200 OK (27ms)
[wrangler:info] GET /tempo/ativas 200 OK (8ms)
[wrangler:info] OPTIONS /status 200 OK (3ms)
[wrangler:info] GET /status 200 OK (13ms)
[wrangler:info] OPTIONS /projetos 200 OK (3ms)
[wrangler:info] OPTIONS /tempo/ativas 200 OK (4ms)
[wrangler:info] OPTIONS /grupos 200 OK (7ms)
[wrangler:info] OPTIONS /tempo/ultima-sessao 200 OK (7ms)
[wrangler:info] OPTIONS /tempo/resumo-hoje 200 OK (8ms)
[wrangler:info] OPTIONS /auth/foco-global 200 OK (9ms)
[wrangler:info] GET /projetos 200 OK (10ms)
[wrangler:info] GET /tempo/ativas 200 OK (11ms)
[wrangler:info] GET /tempo/ultima-sessao 200 OK (10ms)
[wrangler:info] GET /auth/foco-global 404 Not Found (15ms)
[wrangler:info] GET /tempo/resumo-hoje 200 OK (16ms)
[wrangler:info] OPTIONS /projetos 200 OK (5ms)
[wrangler:info] GET /tempo/ativas 200 OK (11ms)
[wrangler:info] GET /tempo/resumo-hoje 200 OK (16ms)
[wrangler:info] GET /tempo/ultima-sessao 200 OK (22ms)
[wrangler:info] GET /auth/foco-global 404 Not Found (20ms)
[wrangler:info] GET /projetos 200 OK (16ms)
[wrangler:info] OPTIONS /projetos 200 OK (4ms)
[wrangler:info] GET /tempo/ativas 200 OK (11ms)
[wrangler:info] GET /tempo/ultima-sessao 200 OK (16ms)
[wrangler:info] GET /auth/foco-global 404 Not Found (17ms)
[wrangler:info] GET /tempo/resumo-hoje 200 OK (18ms)
[wrangler:info] GET /projetos 200 OK (13ms)
[wrangler:info] OPTIONS /status 200 OK (5ms)
[wrangler:info] GET /status 200 OK (13ms)
[wrangler:info] OPTIONS /status 200 OK (2ms)
[wrangler:info] GET /status 200 OK (12ms)
[wrangler:info] OPTIONS /status 200 OK (7ms)
[wrangler:info] GET /status 200 OK (16ms)
⎔ Reloading local server...
⎔ Local server updated and ready
⎔ Reloading local server...
⎔ Local server updated and ready
[wrangler:info] OPTIONS /status 200 OK (9ms)
[wrangler:info] GET /status 200 OK (124ms)
[wrangler:info] OPTIONS /status 200 OK (3ms)
[wrangler:info] GET /status 200 OK (15ms)
[wrangler:info] OPTIONS /status 200 OK (3ms)
[wrangler:info] GET /status 200 OK (13ms)
[wrangler:info] OPTIONS /status 200 OK (4ms)
[wrangler:info] GET /status 200 OK (12ms)
[wrangler:info] OPTIONS /status 200 OK (3ms)
[wrangler:info] GET /status 200 OK (13ms)
[wrangler:info] OPTIONS /status 200 OK (3ms)
[wrangler:info] GET /status 200 OK (12ms)
[wrangler:info] OPTIONS /status 200 OK (5ms)
[wrangler:info] OPTIONS /status 200 OK (5ms)
[wrangler:info] GET /status 200 OK (15ms)
[wrangler:info] OPTIONS /status 200 OK (3ms)
[wrangler:info] GET /status 200 OK (15ms)
[wrangler:info] OPTIONS /status 200 OK (3ms)
[wrangler:info] GET /status 200 OK (12ms)
[wrangler:info] OPTIONS /status 200 OK (3ms)
[wrangler:info] GET /status 200 OK (10ms)
[wrangler:info] OPTIONS /status 200 OK (3ms)
[wrangler:info] GET /status 200 OK (13ms)
[wrangler:info] OPTIONS /status 200 OK (4ms)
[wrangler:info] GET /status 200 OK (10ms)
[wrangler:info] OPTIONS /status 200 OK (3ms)
[wrangler:info] GET /status 200 OK (9ms)
[wrangler:info] OPTIONS /status 200 OK (3ms)
[wrangler:info] GET /status 200 OK (14ms)
[wrangler:info] OPTIONS /status 200 OK (2ms)
[wrangler:info] GET /status 200 OK (20ms)
[wrangler:info] OPTIONS /status 200 OK (4ms)
[wrangler:info] GET /status 200 OK (13ms)
[wrangler:info] OPTIONS /status 200 OK (2ms)
[wrangler:info] GET /status 200 OK (10ms)
[wrangler:info] OPTIONS /status 200 OK (2ms)
[wrangler:info] GET /status 200 OK (11ms)
[wrangler:info] OPTIONS /status 200 OK (2ms)
[wrangler:info] GET /status 200 OK (10ms)
[wrangler:info] OPTIONS /status 200 OK (2ms)
[wrangler:info] GET /status 200 OK (11ms)
[wrangler:info] OPTIONS /status 200 OK (3ms)
[wrangler:info] GET /status 200 OK (14ms)
[wrangler:info] OPTIONS /status 200 OK (4ms)
[wrangler:info] OPTIONS /status 200 OK (2ms)
[wrangler:info] GET /status 200 OK (10ms)
[wrangler:info] OPTIONS /status 200 OK (3ms)
[wrangler:info] GET /status 200 OK (11ms)
[wrangler:info] OPTIONS /status 200 OK (4ms)
[wrangler:info] GET /status 200 OK (12ms)
[wrangler:info] OPTIONS /status 200 OK (2ms)
[wrangler:info] GET /status 200 OK (12ms)
[wrangler:info] OPTIONS /status 200 OK (3ms)
[wrangler:info] GET /status 200 OK (11ms)
[wrangler:info] OPTIONS /auth/needs-setup 200 OK (3ms)
[wrangler:info] GET /auth/needs-setup 200 OK (5ms)
[wrangler:info] OPTIONS /auth/me 200 OK (2ms)
[wrangler:info] GET /auth/me 200 OK (4ms)
[wrangler:info] OPTIONS /projetos 200 OK (3ms)
[wrangler:info] OPTIONS /tempo/ativas 200 OK (10ms)
[wrangler:info] OPTIONS /grupos 200 OK (8ms)
[wrangler:info] OPTIONS /tempo/ultima-sessao 200 OK (9ms)
[wrangler:info] OPTIONS /tempo/resumo-hoje 200 OK (8ms)
[wrangler:info] OPTIONS /auth/foco-global 200 OK (8ms)
[wrangler:info] OPTIONS /tempo/ativas 200 OK (3ms)
[wrangler:info] GET /projetos 200 OK (12ms)
[wrangler:info] GET /tempo/ativas 200 OK (13ms)
[wrangler:info] GET /grupos 200 OK (16ms)
[wrangler:info] GET /tempo/ultima-sessao 200 OK (22ms)
[wrangler:info] GET /auth/foco-global 404 Not Found (25ms)
[wrangler:info] GET /tempo/resumo-hoje 200 OK (26ms)
[wrangler:info] GET /tempo/ativas 200 OK (7ms)
[wrangler:info] GET /auth/needs-setup 200 OK (5ms)
[wrangler:info] GET /auth/me 200 OK (5ms)
[wrangler:info] GET /tempo/ativas 200 OK (9ms)
[wrangler:info] GET /tempo/ultima-sessao 200 OK (13ms)
[wrangler:info] GET /auth/foco-global 404 Not Found (13ms)
[wrangler:info] GET /tempo/resumo-hoje 200 OK (16ms)
[wrangler:info] GET /tempo/ativas 200 OK (23ms)
[wrangler:info] OPTIONS /grupos 200 OK (4ms)
[wrangler:info] OPTIONS /projetos 200 OK (4ms)
[wrangler:info] GET /tempo/ativas 200 OK (10ms)
[wrangler:info] GET /grupos 200 OK (7ms)
[wrangler:info] GET /projetos 200 OK (10ms)
[wrangler:info] OPTIONS /projetos 200 OK (8ms)
[wrangler:info] OPTIONS /tempo/ativas 200 OK (8ms)
[wrangler:info] OPTIONS /grupos 200 OK (7ms)
[wrangler:info] OPTIONS /tempo/resumo-hoje 200 OK (8ms)
[wrangler:info] OPTIONS /tempo/ultima-sessao 200 OK (8ms)
[wrangler:info] OPTIONS /auth/foco-global 200 OK (8ms)
[wrangler:info] GET /projetos 200 OK (7ms)
[wrangler:info] GET /tempo/resumo-hoje 200 OK (11ms)
[wrangler:info] GET /tempo/ultima-sessao 200 OK (14ms)
[wrangler:info] GET /tempo/ativas 200 OK (19ms)
[wrangler:info] GET /auth/foco-global 404 Not Found (19ms)
[wrangler:info] OPTIONS /status 200 OK (3ms)
[wrangler:info] GET /status 200 OK (17ms)
[wrangler:info] OPTIONS /status 200 OK (2ms)
[wrangler:info] GET /status 200 OK (11ms)
[wrangler:info] OPTIONS /status 200 OK (2ms)
[wrangler:info] GET /status 200 OK (10ms)
[wrangler:info] OPTIONS /status 200 OK (3ms)
[wrangler:info] GET /status 200 OK (16ms)
[wrangler:info] OPTIONS /status 200 OK (3ms)
[wrangler:info] GET /status 200 OK (12ms)
[wrangler:info] OPTIONS /status 200 OK (3ms)
[wrangler:info] GET /status 200 OK (13ms)
[wrangler:info] OPTIONS /status 200 OK (2ms)
[wrangler:info] GET /status 200 OK (10ms)
[wrangler:info] OPTIONS /status 200 OK (5ms)
[wrangler:info] OPTIONS /status 200 OK (5ms)
[wrangler:info] OPTIONS /status 200 OK (4ms)
[wrangler:info] GET /status 200 OK (12ms)
[wrangler:info] OPTIONS /auth/needs-setup 200 OK (3ms)
[wrangler:info] GET /auth/needs-setup 200 OK (7ms)
[wrangler:info] OPTIONS /auth/me 200 OK (2ms)
[wrangler:info] GET /auth/me 200 OK (5ms)
[wrangler:info] OPTIONS /projetos 200 OK (5ms)
[wrangler:info] OPTIONS /tempo/ativas 200 OK (6ms)
[wrangler:info] OPTIONS /grupos 200 OK (8ms)
[wrangler:info] OPTIONS /tempo/ultima-sessao 200 OK (7ms)
[wrangler:info] OPTIONS /auth/foco-global 200 OK (7ms)
[wrangler:info] OPTIONS /tempo/resumo-hoje 200 OK (6ms)
[wrangler:info] OPTIONS /tempo/ativas 200 OK (7ms)
[wrangler:info] GET /projetos 200 OK (12ms)
[wrangler:info] GET /tempo/ativas 200 OK (17ms)
[wrangler:info] GET /grupos 200 OK (26ms)
[wrangler:info] GET /auth/foco-global 404 Not Found (25ms)
[wrangler:info] GET /tempo/resumo-hoje 200 OK (31ms)
[wrangler:info] GET /tempo/ultima-sessao 200 OK (20ms)
[wrangler:info] GET /tempo/ativas 200 OK (9ms)
[wrangler:info] OPTIONS /grupos 200 OK (2ms)
[wrangler:info] OPTIONS /projetos 200 OK (3ms)
[wrangler:info] GET /tempo/ativas 200 OK (8ms)
[wrangler:info] GET /projetos 200 OK (7ms)
[wrangler:info] GET /grupos 200 OK (6ms)
[wrangler:info] OPTIONS /projetos 200 OK (4ms)
[wrangler:info] OPTIONS /tempo/ativas 200 OK (6ms)
[wrangler:info] OPTIONS /grupos 200 OK (6ms)
[wrangler:info] OPTIONS /tempo/ultima-sessao 200 OK (5ms)
[wrangler:info] OPTIONS /auth/foco-global 200 OK (6ms)
[wrangler:info] OPTIONS /tempo/resumo-hoje 200 OK (7ms)
[wrangler:info] GET /projetos 200 OK (12ms)
[wrangler:info] GET /tempo/ativas 200 OK (15ms)
[wrangler:info] GET /tempo/ultima-sessao 200 OK (14ms)
[wrangler:info] GET /auth/foco-global 404 Not Found (14ms)
[wrangler:info] GET /tempo/resumo-hoje 200 OK (17ms)
[wrangler:info] OPTIONS /tempo/ativas 200 OK (2ms)
[wrangler:info] OPTIONS /projetos 200 OK (2ms)
[wrangler:info] OPTIONS /grupos 200 OK (3ms)
[wrangler:info] GET /tempo/ativas 200 OK (8ms)
[wrangler:info] GET /projetos 200 OK (11ms)
[wrangler:info] GET /projetos 200 OK (8ms)
[wrangler:info] GET /tempo/ativas 200 OK (11ms)
[wrangler:info] GET /tempo/ativas 200 OK (8ms)
[wrangler:info] GET /projetos 200 OK (13ms)
[wrangler:info] GET /tempo/ultima-sessao 200 OK (16ms)
[wrangler:info] GET /tempo/resumo-hoje 200 OK (23ms)
[wrangler:info] GET /auth/foco-global 404 Not Found (23ms)
[wrangler:info] OPTIONS /status 200 OK (3ms)
[wrangler:info] OPTIONS /status 200 OK (4ms)
[wrangler:info] GET /status 200 OK (8ms)
[wrangler:info] OPTIONS /status 200 OK (3ms)
[wrangler:info] GET /status 200 OK (14ms)
[wrangler:info] OPTIONS /status 200 OK (5ms)
[wrangler:info] GET /status 200 OK (11ms)
[wrangler:info] OPTIONS /status 200 OK (2ms)
[wrangler:info] GET /status 200 OK (12ms)
[wrangler:info] OPTIONS /status 200 OK (2ms)
[wrangler:info] GET /status 200 OK (10ms)
[wrangler:info] OPTIONS /status 200 OK (2ms)
[wrangler:info] GET /status 200 OK (11ms)
[wrangler:info] OPTIONS /status 200 OK (2ms)
[wrangler:info] GET /status 200 OK (9ms)
[wrangler:info] OPTIONS /status 200 OK (2ms)
[wrangler:info] GET /status 200 OK (11ms)
[wrangler:info] OPTIONS /status 200 OK (2ms)
[wrangler:info] GET /status 200 OK (10ms)
[wrangler:info] OPTIONS /status 200 OK (1ms)
[wrangler:info] GET /status 200 OK (10ms)
[wrangler:info] OPTIONS /status 200 OK (2ms)
[wrangler:info] GET /status 200 OK (9ms)
[wrangler:info] OPTIONS /status 200 OK (2ms)
[wrangler:info] GET /status 200 OK (12ms)
[wrangler:info] OPTIONS /status 200 OK (3ms)
[wrangler:info] GET /status 200 OK (11ms)
[wrangler:info] OPTIONS /status 200 OK (2ms)
[wrangler:info] GET /status 200 OK (11ms)
[wrangler:info] OPTIONS /status 200 OK (3ms)
[wrangler:info] GET /status 200 OK (10ms)
[wrangler:info] OPTIONS /status 200 OK (2ms)
[wrangler:info] GET /status 200 OK (9ms)
[wrangler:info] OPTIONS /status 200 OK (2ms)
[wrangler:info] GET /status 200 OK (16ms)
[wrangler:info] OPTIONS /status 200 OK (2ms)
[wrangler:info] GET /status 200 OK (11ms)
[wrangler:info] OPTIONS /status 200 OK (3ms)
[wrangler:info] GET /status 200 OK (9ms)
[wrangler:info] OPTIONS /status 200 OK (1ms)
[wrangler:info] GET /status 200 OK (10ms)
[wrangler:info] OPTIONS /status 200 OK (2ms)
[wrangler:info] GET /status 200 OK (8ms)
[wrangler:info] OPTIONS /status 200 OK (2ms)
[wrangler:info] GET /status 200 OK (10ms)
[wrangler:info] OPTIONS /status 200 OK (2ms)
[wrangler:info] GET /status 200 OK (11ms)
⎔ Reloading local server...
⎔ Local server updated and ready
[wrangler:info] OPTIONS /status 200 OK (6ms)
[wrangler:info] GET /status 200 OK (83ms)
[wrangler:info] OPTIONS /status 200 OK (4ms)
[wrangler:info] GET /status 200 OK (15ms)
[wrangler:info] OPTIONS /status 200 OK (2ms)
[wrangler:info] GET /status 200 OK (11ms)
[wrangler:info] OPTIONS /status 200 OK (2ms)
[wrangler:info] GET /status 200 OK (11ms)
[wrangler:info] OPTIONS /status 200 OK (2ms)
[wrangler:info] GET /status 200 OK (9ms)
[wrangler:info] OPTIONS /status 200 OK (2ms)
[wrangler:info] GET /status 200 OK (10ms)
[wrangler:info] OPTIONS /status 200 OK (2ms)
[wrangler:info] GET /status 200 OK (12ms)
[wrangler:info] OPTIONS /status 200 OK (2ms)
[wrangler:info] GET /status 200 OK (11ms)
[wrangler:info] OPTIONS /status 200 OK (2ms)
[wrangler:info] GET /status 200 OK (10ms)
[wrangler:info] OPTIONS /status 200 OK (2ms)
[wrangler:info] GET /status 200 OK (8ms)
[wrangler:info] OPTIONS /status 200 OK (2ms)
[wrangler:info] GET /status 200 OK (9ms)
[wrangler:info] OPTIONS /status 200 OK (2ms)
[wrangler:info] GET /status 200 OK (12ms)
[wrangler:info] OPTIONS /status 200 OK (3ms)
[wrangler:info] GET /status 200 OK (10ms)
[wrangler:info] OPTIONS /status 200 OK (1ms)
[wrangler:info] GET /status 200 OK (14ms)
[wrangler:info] OPTIONS /status 200 OK (2ms)
[wrangler:info] GET /status 200 OK (15ms)
[wrangler:info] OPTIONS /status 200 OK (2ms)
[wrangler:info] GET /status 200 OK (9ms)
[wrangler:info] OPTIONS /status 200 OK (2ms)
[wrangler:info] GET /status 200 OK (8ms)
[wrangler:info] OPTIONS /status 200 OK (1ms)
[wrangler:info] GET /status 200 OK (11ms)
[wrangler:info] OPTIONS /status 200 OK (3ms)
[wrangler:info] GET /status 200 OK (14ms)
[wrangler:info] OPTIONS /status 200 OK (2ms)
[wrangler:info] GET /status 200 OK (9ms)
[wrangler:info] OPTIONS /status 200 OK (2ms)
[wrangler:info] GET /status 200 OK (14ms)
[wrangler:info] OPTIONS /status 200 OK (2ms)
[wrangler:info] GET /status 200 OK (12ms)
[wrangler:info] OPTIONS /status 200 OK (2ms)
[wrangler:info] GET /status 200 OK (9ms)
[wrangler:info] OPTIONS /status 200 OK (3ms)
[wrangler:info] GET /status 200 OK (9ms)
[wrangler:info] OPTIONS /status 200 OK (5ms)
[wrangler:info] GET /status 200 OK (60ms)
[wrangler:info] OPTIONS /status 200 OK (2ms)
[wrangler:info] GET /status 200 OK (14ms)
[wrangler:info] OPTIONS /status 200 OK (3ms)
[wrangler:info] GET /status 200 OK (9ms)
[wrangler:info] OPTIONS /status 200 OK (2ms)
[wrangler:info] GET /status 200 OK (9ms)
[wrangler:info] OPTIONS /status 200 OK (2ms)
[wrangler:info] GET /status 200 OK (11ms)
[wrangler:info] OPTIONS /status 200 OK (3ms)
[wrangler:info] GET /status 200 OK (10ms)
[wrangler:info] OPTIONS /status 200 OK (2ms)
[wrangler:info] GET /status 200 OK (8ms)
[wrangler:info] OPTIONS /status 200 OK (1ms)
[wrangler:info] GET /status 200 OK (9ms)
[wrangler:info] OPTIONS /status 200 OK (2ms)
[wrangler:info] GET /status 200 OK (10ms)
[wrangler:info] OPTIONS /status 200 OK (2ms)
[wrangler:info] GET /status 200 OK (10ms)
[wrangler:info] OPTIONS /status 200 OK (2ms)
[wrangler:info] GET /status 200 OK (8ms)
[wrangler:info] OPTIONS /status 200 OK (2ms)
[wrangler:info] GET /status 200 OK (9ms)
[wrangler:info] OPTIONS /status 200 OK (2ms)
[wrangler:info] GET /status 200 OK (11ms)
[wrangler:info] OPTIONS /status 200 OK (1ms)
[wrangler:info] GET /status 200 OK (8ms)
[wrangler:info] OPTIONS /status 200 OK (2ms)
[wrangler:info] GET /status 200 OK (8ms)
[wrangler:info] OPTIONS /status 200 OK (3ms)
[wrangler:info] GET /status 200 OK (9ms)
[wrangler:info] OPTIONS /status 200 OK (2ms)
[wrangler:info] GET /status 200 OK (10ms)
[wrangler:info] OPTIONS /status 200 OK (1ms)
[wrangler:info] GET /status 200 OK (8ms)
[wrangler:info] OPTIONS /status 200 OK (3ms)
[wrangler:info] GET /status 200 OK (11ms)
[wrangler:info] OPTIONS /status 200 OK (1ms)
[wrangler:info] GET /status 200 OK (11ms)
[wrangler:info] OPTIONS /status 200 OK (2ms)
[wrangler:info] GET /status 200 OK (14ms)
[wrangler:info] OPTIONS /status 200 OK (2ms)
[wrangler:info] GET /status 200 OK (11ms)
[wrangler:info] OPTIONS /status 200 OK (2ms)
[wrangler:info] GET /status 200 OK (8ms)
[wrangler:info] OPTIONS /status 200 OK (2ms)
[wrangler:info] GET /status 200 OK (9ms)
[wrangler:info] OPTIONS /status 200 OK (1ms)
[wrangler:info] GET /status 200 OK (11ms)
[wrangler:info] OPTIONS /status 200 OK (2ms)
[wrangler:info] GET /status 200 OK (9ms)
[wrangler:info] OPTIONS /status 200 OK (2ms)
[wrangler:info] GET /status 200 OK (10ms)
[wrangler:info] OPTIONS /status 200 OK (2ms)
[wrangler:info] GET /status 200 OK (8ms)
[wrangler:info] OPTIONS /status 200 OK (2ms)
[wrangler:info] GET /status 200 OK (9ms)
[wrangler:info] OPTIONS /status 200 OK (2ms)
[wrangler:info] GET /status 200 OK (8ms)
[wrangler:info] OPTIONS /status 200 OK (2ms)
[wrangler:info] GET /status 200 OK (7ms)
[wrangler:info] OPTIONS /status 200 OK (1ms)
[wrangler:info] GET /status 200 OK (9ms)
[wrangler:info] OPTIONS /status 200 OK (2ms)
[wrangler:info] GET /status 200 OK (8ms)
[wrangler:info] OPTIONS /status 200 OK (2ms)
[wrangler:info] GET /status 200 OK (12ms)
[wrangler:info] OPTIONS /status 200 OK (2ms)
[wrangler:info] GET /status 200 OK (8ms)
[wrangler:info] OPTIONS /status 200 OK (1ms)
[wrangler:info] GET /status 200 OK (9ms)
[wrangler:info] OPTIONS /status 200 OK (3ms)
[wrangler:info] GET /status 200 OK (8ms)
[wrangler:info] OPTIONS /status 200 OK (1ms)
[wrangler:info] GET /status 200 OK (9ms)
[wrangler:info] OPTIONS /status 200 OK (2ms)
[wrangler:info] GET /status 200 OK (9ms)
[wrangler:info] OPTIONS /status 200 OK (2ms)
[wrangler:info] GET /status 200 OK (9ms)
[wrangler:info] OPTIONS /status 200 OK (1ms)
[wrangler:info] GET /status 200 OK (9ms)
[wrangler:info] OPTIONS /status 200 OK (2ms)
[wrangler:info] GET /status 200 OK (8ms)
[wrangler:info] OPTIONS /status 200 OK (4ms)
[wrangler:info] GET /status 200 OK (9ms)
[wrangler:info] OPTIONS /status 200 OK (2ms)
[wrangler:info] GET /status 200 OK (9ms)
[wrangler:info] OPTIONS /status 200 OK (2ms)
[wrangler:info] GET /status 200 OK (9ms)
[wrangler:info] OPTIONS /status 200 OK (2ms)
[wrangler:info] GET /status 200 OK (10ms)
[wrangler:info] OPTIONS /status 200 OK (3ms)
[wrangler:info] GET /status 200 OK (10ms)
[wrangler:info] OPTIONS /status 200 OK (1ms)
[wrangler:info] GET /status 200 OK (9ms)
[wrangler:info] OPTIONS /status 200 OK (2ms)
[wrangler:info] GET /status 200 OK (9ms)
[wrangler:info] OPTIONS /status 200 OK (2ms)
[wrangler:info] GET /status 200 OK (8ms)
[wrangler:info] OPTIONS /status 200 OK (2ms)
[wrangler:info] GET /status 200 OK (9ms)
[wrangler:info] OPTIONS /status 200 OK (2ms)
[wrangler:info] GET /status 200 OK (9ms)
[wrangler:info] OPTIONS /status 200 OK (2ms)
[wrangler:info] GET /status 200 OK (10ms)
[wrangler:info] OPTIONS /status 200 OK (3ms)
[wrangler:info] GET /status 200 OK (10ms)
[wrangler:info] OPTIONS /status 200 OK (2ms)
[wrangler:info] GET /status 200 OK (10ms)
[wrangler:info] OPTIONS /status 200 OK (3ms)
[wrangler:info] GET /status 200 OK (10ms)
[wrangler:info] OPTIONS /status 200 OK (1ms)
[wrangler:info] GET /status 200 OK (12ms)
[wrangler:info] OPTIONS /status 200 OK (2ms)
[wrangler:info] GET /status 200 OK (10ms)
[wrangler:info] OPTIONS /status 200 OK (2ms)
[wrangler:info] GET /status 200 OK (10ms)
[wrangler:info] OPTIONS /status 200 OK (2ms)
[wrangler:info] GET /status 200 OK (12ms)
[wrangler:info] OPTIONS /status 200 OK (1ms)
[wrangler:info] GET /status 200 OK (10ms)
[wrangler:info] OPTIONS /status 200 OK (2ms)
[wrangler:info] GET /status 200 OK (9ms)
[wrangler:info] OPTIONS /status 200 OK (3ms)
[wrangler:info] GET /status 200 OK (10ms)
[wrangler:info] OPTIONS /status 200 OK (2ms)
[wrangler:info] GET /status 200 OK (9ms)
[wrangler:info] OPTIONS /status 200 OK (3ms)
[wrangler:info] GET /status 200 OK (9ms)
[wrangler:info] OPTIONS /status 200 OK (2ms)
[wrangler:info] GET /status 200 OK (10ms)
[wrangler:info] OPTIONS /status 200 OK (2ms)
[wrangler:info] GET /status 200 OK (8ms)
[wrangler:info] OPTIONS /status 200 OK (2ms)
[wrangler:info] GET /status 200 OK (8ms)
[wrangler:info] OPTIONS /status 200 OK (2ms)
[wrangler:info] GET /status 200 OK (9ms)
[wrangler:info] OPTIONS /status 200 OK (2ms)
[wrangler:info] GET /status 200 OK (10ms)
[wrangler:info] OPTIONS /status 200 OK (2ms)
[wrangler:info] GET /status 200 OK (9ms)
[wrangler:info] OPTIONS /status 200 OK (2ms)
[wrangler:info] GET /status 200 OK (9ms)
[wrangler:info] OPTIONS /status 200 OK (2ms)
[wrangler:info] GET /status 200 OK (9ms)
[wrangler:info] OPTIONS /status 200 OK (2ms)
[wrangler:info] GET /status 200 OK (9ms)
[wrangler:info] OPTIONS /status 200 OK (2ms)
[wrangler:info] GET /status 200 OK (11ms)
[wrangler:info] OPTIONS /status 200 OK (3ms)
[wrangler:info] GET /status 200 OK (9ms)
[wrangler:info] OPTIONS /status 200 OK (2ms)
[wrangler:info] GET /status 200 OK (9ms)
[wrangler:info] OPTIONS /status 200 OK (1ms)
[wrangler:info] GET /status 200 OK (8ms)
[wrangler:info] OPTIONS /status 200 OK (1ms)
[wrangler:info] GET /status 200 OK (9ms)
[wrangler:info] OPTIONS /status 200 OK (2ms)
[wrangler:info] GET /status 200 OK (8ms)
[wrangler:info] OPTIONS /status 200 OK (1ms)
[wrangler:info] GET /status 200 OK (9ms)
[wrangler:info] OPTIONS /status 200 OK (2ms)
[wrangler:info] GET /status 200 OK (8ms)
[wrangler:info] OPTIONS /status 200 OK (3ms)
[wrangler:info] GET /status 200 OK (9ms)
[wrangler:info] OPTIONS /status 200 OK (1ms)
[wrangler:info] GET /status 200 OK (9ms)
[wrangler:info] OPTIONS /status 200 OK (2ms)
[wrangler:info] GET /status 200 OK (8ms)
[wrangler:info] OPTIONS /status 200 OK (2ms)
[wrangler:info] GET /status 200 OK (8ms)
[wrangler:info] OPTIONS /status 200 OK (2ms)
[wrangler:info] GET /status 200 OK (8ms)
[wrangler:info] OPTIONS /status 200 OK (2ms)
[wrangler:info] GET /status 200 OK (9ms)
[wrangler:info] OPTIONS /status 200 OK (2ms)
[wrangler:info] GET /status 200 OK (7ms)
[wrangler:info] OPTIONS /status 200 OK (1ms)
[wrangler:info] GET /status 200 OK (9ms)
[wrangler:info] OPTIONS /status 200 OK (2ms)
[wrangler:info] GET /status 200 OK (10ms)
[wrangler:info] OPTIONS /status 200 OK (1ms)
[wrangler:info] GET /status 200 OK (9ms)
[wrangler:info] OPTIONS /status 200 OK (2ms)
[wrangler:info] GET /status 200 OK (7ms)
[wrangler:info] OPTIONS /status 200 OK (2ms)
[wrangler:info] GET /status 200 OK (8ms)
[wrangler:info] OPTIONS /status 200 OK (2ms)
[wrangler:info] GET /status 200 OK (8ms)
[wrangler:info] OPTIONS /status 200 OK (3ms)
[wrangler:info] GET /status 200 OK (8ms)
[wrangler:info] OPTIONS /status 200 OK (3ms)
[wrangler:info] GET /status 200 OK (9ms)
[wrangler:info] OPTIONS /status 200 OK (2ms)
[wrangler:info] GET /status 200 OK (8ms)
[wrangler:info] OPTIONS /status 200 OK (2ms)
[wrangler:info] GET /status 200 OK (8ms)
[wrangler:info] OPTIONS /status 200 OK (2ms)
[wrangler:info] GET /status 200 OK (8ms)
[wrangler:info] OPTIONS /status 200 OK (2ms)
[wrangler:info] GET /status 200 OK (8ms)
[wrangler:info] OPTIONS /status 200 OK (2ms)
[wrangler:info] GET /status 200 OK (10ms)
[wrangler:info] OPTIONS /status 200 OK (4ms)
[wrangler:info] GET /status 200 OK (9ms)
[wrangler:info] OPTIONS /status 200 OK (2ms)
[wrangler:info] GET /status 200 OK (10ms)
[wrangler:info] OPTIONS /status 200 OK (2ms)
[wrangler:info] GET /status 200 OK (10ms)
[wrangler:info] OPTIONS /status 200 OK (2ms)
[wrangler:info] GET /status 200 OK (10ms)
[wrangler:info] OPTIONS /status 200 OK (2ms)
[wrangler:info] GET /status 200 OK (9ms)
[wrangler:info] OPTIONS /status 200 OK (3ms)
[wrangler:info] GET /status 200 OK (14ms)
[wrangler:info] OPTIONS /status 200 OK (3ms)
[wrangler:info] GET /status 200 OK (9ms)
[wrangler:info] OPTIONS /status 200 OK (2ms)
[wrangler:info] GET /status 200 OK (9ms)
[wrangler:info] OPTIONS /status 200 OK (2ms)
[wrangler:info] GET /status 200 OK (8ms)
[wrangler:info] OPTIONS /status 200 OK (1ms)
[wrangler:info] GET /status 200 OK (9ms)
[wrangler:info] OPTIONS /status 200 OK (2ms)
[wrangler:info] GET /status 200 OK (9ms)
[wrangler:info] OPTIONS /status 200 OK (1ms)
[wrangler:info] GET /status 200 OK (9ms)
[wrangler:info] OPTIONS /status 200 OK (3ms)
[wrangler:info] GET /status 200 OK (9ms)
[wrangler:info] OPTIONS /status 200 OK (1ms)
[wrangler:info] GET /status 200 OK (11ms)
[wrangler:info] OPTIONS /status 200 OK (1ms)
[wrangler:info] GET /status 200 OK (8ms)
[wrangler:info] OPTIONS /status 200 OK (2ms)
[wrangler:info] GET /status 200 OK (9ms)
[wrangler:info] OPTIONS /status 200 OK (2ms)
[wrangler:info] GET /status 200 OK (9ms)
[wrangler:info] OPTIONS /status 200 OK (2ms)
[wrangler:info] GET /status 200 OK (7ms)
[wrangler:info] OPTIONS /status 200 OK (2ms)
[wrangler:info] GET /status 200 OK (8ms)
[wrangler:info] OPTIONS /status 200 OK (2ms)
[wrangler:info] GET /status 200 OK (8ms)
[wrangler:info] OPTIONS /status 200 OK (3ms)
[wrangler:info] GET /status 200 OK (7ms)
[wrangler:info] OPTIONS /status 200 OK (1ms)
[wrangler:info] GET /status 200 OK (9ms)
[wrangler:info] OPTIONS /status 200 OK (2ms)
[wrangler:info] GET /status 200 OK (8ms)
[wrangler:info] OPTIONS /status 200 OK (2ms)
[wrangler:info] GET /status 200 OK (8ms)
[wrangler:info] OPTIONS /status 200 OK (2ms)
[wrangler:info] GET /status 200 OK (11ms)
[wrangler:info] OPTIONS /status 200 OK (2ms)
[wrangler:info] GET /status 200 OK (11ms)
[wrangler:info] OPTIONS /status 200 OK (2ms)
[wrangler:info] GET /status 200 OK (8ms)
[wrangler:info] OPTIONS /status 200 OK (3ms)
[wrangler:info] GET /status 200 OK (9ms)
[wrangler:info] OPTIONS /status 200 OK (2ms)
[wrangler:info] GET /status 200 OK (7ms)
[wrangler:info] OPTIONS /status 200 OK (2ms)
[wrangler:info] GET /status 200 OK (9ms)
[wrangler:info] OPTIONS /status 200 OK (2ms)
[wrangler:info] GET /status 200 OK (10ms)
[wrangler:info] OPTIONS /status 200 OK (4ms)
[wrangler:info] GET /status 200 OK (9ms)
[wrangler:info] OPTIONS /status 200 OK (2ms)
[wrangler:info] GET /status 200 OK (11ms)
[wrangler:info] OPTIONS /status 200 OK (2ms)
[wrangler:info] GET /status 200 OK (9ms)
[wrangler:info] OPTIONS /status 200 OK (2ms)
[wrangler:info] GET /status 200 OK (11ms)
[wrangler:info] OPTIONS /status 200 OK (1ms)
[wrangler:info] GET /status 200 OK (10ms)
[wrangler:info] OPTIONS /status 200 OK (2ms)
[wrangler:info] GET /status 200 OK (11ms)
[wrangler:info] OPTIONS /status 200 OK (2ms)
[wrangler:info] GET /status 200 OK (11ms)
[wrangler:info] OPTIONS /status 200 OK (3ms)
[wrangler:info] GET /status 200 OK (8ms)
[wrangler:info] OPTIONS /status 200 OK (1ms)
[wrangler:info] GET /status 200 OK (12ms)
[wrangler:info] OPTIONS /status 200 OK (2ms)
[wrangler:info] GET /status 200 OK (12ms)
[wrangler:info] OPTIONS /status 200 OK (2ms)
[wrangler:info] GET /status 200 OK (11ms)
[wrangler:info] OPTIONS /status 200 OK (2ms)
[wrangler:info] GET /status 200 OK (14ms)
[wrangler:info] OPTIONS /status 200 OK (1ms)
[wrangler:info] GET /status 200 OK (8ms)
[wrangler:info] OPTIONS /status 200 OK (3ms)
[wrangler:info] GET /status 200 OK (9ms)
[wrangler:info] OPTIONS /status 200 OK (2ms)
[wrangler:info] GET /status 200 OK (9ms)
[wrangler:info] OPTIONS /status 200 OK (2ms)
[wrangler:info] GET /status 200 OK (8ms)
[wrangler:info] OPTIONS /status 200 OK (2ms)
[wrangler:info] GET /status 200 OK (8ms)
[wrangler:info] OPTIONS /status 200 OK (2ms)
[wrangler:info] GET /status 200 OK (10ms)
[wrangler:info] OPTIONS /status 200 OK (2ms)
[wrangler:info] GET /status 200 OK (7ms)
[wrangler:info] OPTIONS /status 200 OK (5ms)
[wrangler:info] GET /status 200 OK (8ms)
[wrangler:info] OPTIONS /status 200 OK (1ms)
[wrangler:info] GET /status 200 OK (8ms)
[wrangler:info] OPTIONS /status 200 OK (2ms)
[wrangler:info] GET /status 200 OK (7ms)
[wrangler:info] OPTIONS /status 200 OK (1ms)
[wrangler:info] GET /status 200 OK (11ms)
[wrangler:info] OPTIONS /status 200 OK (2ms)
[wrangler:info] GET /status 200 OK (8ms)
[wrangler:info] OPTIONS /status 200 OK (2ms)
[wrangler:info] GET /status 200 OK (10ms)
[wrangler:info] OPTIONS /status 200 OK (2ms)
[wrangler:info] GET /status 200 OK (11ms)
[wrangler:info] OPTIONS /status 200 OK (1ms)
[wrangler:info] GET /status 200 OK (12ms)
[wrangler:info] OPTIONS /status 200 OK (2ms)
[wrangler:info] GET /status 200 OK (9ms)
[wrangler:info] OPTIONS /status 200 OK (2ms)
[wrangler:info] GET /status 200 OK (10ms)
[wrangler:info] OPTIONS /status 200 OK (4ms)
[wrangler:info] GET /status 200 OK (11ms)
[wrangler:info] OPTIONS /status 200 OK (3ms)
[wrangler:info] GET /status 200 OK (11ms)
[wrangler:info] OPTIONS /status 200 OK (2ms)
[wrangler:info] GET /status 200 OK (10ms)
[wrangler:info] OPTIONS /status 200 OK (1ms)
[wrangler:info] GET /status 200 OK (10ms)
[wrangler:info] OPTIONS /status 200 OK (2ms)
[wrangler:info] GET /status 200 OK (13ms)
[wrangler:info] OPTIONS /status 200 OK (2ms)
[wrangler:info] GET /status 200 OK (8ms)
[wrangler:info] OPTIONS /status 200 OK (2ms)
[wrangler:info] GET /status 200 OK (13ms)
[wrangler:info] OPTIONS /status 200 OK (2ms)
[wrangler:info] GET /status 200 OK (12ms)
[wrangler:info] OPTIONS /status 200 OK (2ms)
[wrangler:info] GET /status 200 OK (11ms)
[wrangler:info] OPTIONS /status 200 OK (1ms)
[wrangler:info] GET /status 200 OK (10ms)
[wrangler:info] OPTIONS /status 200 OK (2ms)
[wrangler:info] GET /status 200 OK (11ms)
[wrangler:info] OPTIONS /status 200 OK (1ms)
[wrangler:info] GET /status 200 OK (8ms)
[wrangler:info] OPTIONS /status 200 OK (2ms)
[wrangler:info] GET /status 200 OK (8ms)
[wrangler:info] OPTIONS /status 200 OK (2ms)
[wrangler:info] GET /status 200 OK (8ms)
[wrangler:info] OPTIONS /status 200 OK (2ms)
[wrangler:info] GET /status 200 OK (9ms)
[wrangler:info] OPTIONS /status 200 OK (1ms)
[wrangler:info] GET /status 200 OK (8ms)
[wrangler:info] OPTIONS /status 200 OK (2ms)
[wrangler:info] GET /status 200 OK (9ms)
[wrangler:info] OPTIONS /status 200 OK (2ms)
[wrangler:info] GET /status 200 OK (8ms)
[wrangler:info] OPTIONS /status 200 OK (2ms)
[wrangler:info] GET /status 200 OK (9ms)
[wrangler:info] OPTIONS /status 200 OK (2ms)
[wrangler:info] GET /status 200 OK (10ms)
[wrangler:info] OPTIONS /status 200 OK (3ms)
[wrangler:info] GET /status 200 OK (12ms)
[wrangler:info] OPTIONS /status 200 OK (3ms)
[wrangler:info] GET /status 200 OK (9ms)
[wrangler:info] OPTIONS /status 200 OK (1ms)
[wrangler:info] GET /status 200 OK (9ms)
[wrangler:info] OPTIONS /status 200 OK (2ms)
[wrangler:info] GET /status 200 OK (9ms)
[wrangler:info] OPTIONS /status 200 OK (2ms)
[wrangler:info] GET /status 200 OK (10ms)
[wrangler:info] OPTIONS /status 200 OK (2ms)
[wrangler:info] GET /status 200 OK (10ms)
[wrangler:info] OPTIONS /status 200 OK (2ms)
[wrangler:info] GET /status 200 OK (8ms)
[wrangler:info] OPTIONS /status 200 OK (1ms)
[wrangler:info] GET /status 200 OK (9ms)
[wrangler:info] OPTIONS /status 200 OK (1ms)
[wrangler:info] GET /status 200 OK (9ms)
[wrangler:info] OPTIONS /status 200 OK (2ms)
[wrangler:info] GET /status 200 OK (7ms)
[wrangler:info] OPTIONS /status 200 OK (1ms)
[wrangler:info] GET /status 200 OK (8ms)
[wrangler:info] OPTIONS /status 200 OK (2ms)
[wrangler:info] GET /status 200 OK (11ms)
[wrangler:info] OPTIONS /status 200 OK (2ms)
[wrangler:info] GET /status 200 OK (9ms)
[wrangler:info] OPTIONS /status 200 OK (2ms)
[wrangler:info] GET /status 200 OK (7ms)
[wrangler:info] OPTIONS /status 200 OK (2ms)
[wrangler:info] GET /status 200 OK (8ms)
[wrangler:info] OPTIONS /status 200 OK (2ms)
[wrangler:info] GET /status 200 OK (14ms)
[wrangler:info] OPTIONS /status 200 OK (2ms)
[wrangler:info] GET /status 200 OK (8ms)
[wrangler:info] OPTIONS /status 200 OK (2ms)
[wrangler:info] GET /status 200 OK (11ms)
[wrangler:info] OPTIONS /status 200 OK (2ms)
[wrangler:info] GET /status 200 OK (13ms)
[wrangler:info] OPTIONS /status 200 OK (2ms)
[wrangler:info] GET /status 200 OK (8ms)
[wrangler:info] OPTIONS /status 200 OK (3ms)
[wrangler:info] GET /status 200 OK (7ms)
[wrangler:info] OPTIONS /status 200 OK (2ms)
[wrangler:info] GET /status 200 OK (8ms)
[wrangler:info] OPTIONS /status 200 OK (2ms)
[wrangler:info] GET /status 200 OK (8ms)
[wrangler:info] OPTIONS /status 200 OK (2ms)
[wrangler:info] GET /status 200 OK (7ms)
[wrangler:info] OPTIONS /status 200 OK (1ms)
[wrangler:info] GET /status 200 OK (8ms)
[wrangler:info] OPTIONS /status 200 OK (3ms)
[wrangler:info] GET /status 200 OK (7ms)
[wrangler:info] OPTIONS /status 200 OK (2ms)
[wrangler:info] GET /status 200 OK (7ms)
[wrangler:info] OPTIONS /status 200 OK (2ms)
[wrangler:info] GET /status 200 OK (12ms)
[wrangler:info] OPTIONS /status 200 OK (2ms)
[wrangler:info] GET /status 200 OK (13ms)
[wrangler:info] OPTIONS /status 200 OK (2ms)
[wrangler:info] GET /status 200 OK (13ms)
[wrangler:info] OPTIONS /status 200 OK (2ms)
[wrangler:info] GET /status 200 OK (11ms)
[wrangler:info] OPTIONS /status 200 OK (2ms)
[wrangler:info] GET /status 200 OK (9ms)
[wrangler:info] OPTIONS /status 200 OK (2ms)
[wrangler:info] GET /status 200 OK (10ms)
[wrangler:info] OPTIONS /status 200 OK (2ms)
[wrangler:info] GET /status 200 OK (11ms)
[wrangler:info] OPTIONS /status 200 OK (2ms)
[wrangler:info] GET /status 200 OK (13ms)
[wrangler:info] OPTIONS /status 200 OK (2ms)
[wrangler:info] GET /status 200 OK (10ms)
[wrangler:info] OPTIONS /status 200 OK (2ms)
[wrangler:info] GET /status 200 OK (13ms)
[wrangler:info] OPTIONS /status 200 OK (2ms)
[wrangler:info] GET /status 200 OK (10ms)
[wrangler:info] OPTIONS /status 200 OK (2ms)
[wrangler:info] GET /status 200 OK (10ms)
[wrangler:info] OPTIONS /status 200 OK (1ms)
[wrangler:info] GET /status 200 OK (11ms)
[wrangler:info] OPTIONS /status 200 OK (3ms)
[wrangler:info] GET /status 200 OK (10ms)
[wrangler:info] OPTIONS /status 200 OK (2ms)
[wrangler:info] GET /status 200 OK (10ms)
[wrangler:info] OPTIONS /status 200 OK (2ms)
[wrangler:info] GET /status 200 OK (9ms)
[wrangler:info] OPTIONS /status 200 OK (2ms)
[wrangler:info] GET /status 200 OK (9ms)
[wrangler:info] OPTIONS /status 200 OK (1ms)
[wrangler:info] GET /status 200 OK (13ms)
[wrangler:info] OPTIONS /status 200 OK (2ms)
[wrangler:info] GET /status 200 OK (10ms)
[wrangler:info] OPTIONS /status 200 OK (2ms)
[wrangler:info] GET /status 200 OK (13ms)
[wrangler:info] OPTIONS /status 200 OK (2ms)
[wrangler:info] GET /status 200 OK (13ms)
[wrangler:info] OPTIONS /status 200 OK (1ms)
[wrangler:info] GET /status 200 OK (11ms)
[wrangler:info] OPTIONS /status 200 OK (2ms)
[wrangler:info] GET /status 200 OK (11ms)
[wrangler:info] OPTIONS /status 200 OK (3ms)
[wrangler:info] GET /status 200 OK (13ms)
[wrangler:info] OPTIONS /status 200 OK (2ms)
[wrangler:info] GET /status 200 OK (13ms)
[wrangler:info] OPTIONS /status 200 OK (2ms)
[wrangler:info] GET /status 200 OK (14ms)
[wrangler:info] OPTIONS /status 200 OK (2ms)
[wrangler:info] GET /status 200 OK (10ms)
[wrangler:info] OPTIONS /status 200 OK (3ms)
[wrangler:info] GET /status 200 OK (13ms)
[wrangler:info] OPTIONS /status 200 OK (2ms)
[wrangler:info] GET /status 200 OK (10ms)
[wrangler:info] OPTIONS /status 200 OK (2ms)
[wrangler:info] GET /status 200 OK (10ms)
[wrangler:info] OPTIONS /status 200 OK (2ms)
[wrangler:info] GET /status 200 OK (12ms)
[wrangler:info] OPTIONS /status 200 OK (3ms)
[wrangler:info] GET /status 200 OK (13ms)
[wrangler:info] OPTIONS /status 200 OK (1ms)
[wrangler:info] GET /status 200 OK (9ms)
[wrangler:info] OPTIONS /status 200 OK (2ms)
[wrangler:info] GET /status 200 OK (10ms)
[wrangler:info] OPTIONS /status 200 OK (2ms)
[wrangler:info] GET /status 200 OK (9ms)
[wrangler:info] OPTIONS /status 200 OK (2ms)
[wrangler:info] GET /status 200 OK (9ms)
[wrangler:info] OPTIONS /status 200 OK (2ms)
[wrangler:info] GET /status 200 OK (9ms)
[wrangler:info] OPTIONS /status 200 OK (2ms)
[wrangler:info] GET /status 200 OK (9ms)
[wrangler:info] OPTIONS /status 200 OK (3ms)
[wrangler:info] GET /status 200 OK (10ms)
[wrangler:info] OPTIONS /status 200 OK (3ms)
[wrangler:info] GET /status 200 OK (11ms)
[wrangler:info] OPTIONS /status 200 OK (3ms)
[wrangler:info] GET /status 200 OK (12ms)
[wrangler:info] OPTIONS /status 200 OK (3ms)
[wrangler:info] GET /status 200 OK (10ms)
[wrangler:info] OPTIONS /status 200 OK (2ms)
[wrangler:info] GET /status 200 OK (10ms)
[wrangler:info] OPTIONS /status 200 OK (2ms)
[wrangler:info] GET /status 200 OK (10ms)
